#
# A fatal error has been detected by the Java Runtime Environment:
#
#  SIGSEGV (0xb) at pc=0x00007efea106947a, pid=3156, tid=0x00007efe98107700
#
# JRE version: OpenJDK Runtime Environment (8.0_151-b12) (build 1.8.0_151-8u151-b12-0ubuntu0.16.04.2-b12)
# Java VM: OpenJDK 64-Bit Server VM (25.151-b12 mixed mode linux-amd64 compressed oops)
# Problematic frame:
# v  ~BufferBlob::jni_fast_GetLongField
#
# Failed to write core dump. Core dumps have been disabled. To enable core dumping, try "ulimit -c unlimited" before starting Java again
#
# If you would like to submit a bug report, please visit:
#   http://bugreport.java.com/bugreport/crash.jsp
# The crash happened outside the Java Virtual Machine in native code.
# See problematic frame for where to report the bug.
#

---------------  T H R E A D  ---------------

Current thread (0x00007efeb030e000):  JavaThread "AWT-XAWT" daemon [_thread_in_native, id=3174, stack(0x00007efe98007000,0x00007efe98108000)]

siginfo: si_signo: 11 (SIGSEGV), si_code: 1 (SEGV_MAPERR), si_addr: 0x0000000000000000

Registers:
RAX=0x00007efeb7fe7040, RBX=0x00007efeb030e1e0, RCX=0x0000000000000000, RDX=0x0000000000000042
RSP=0x00007efe98106838, RBP=0x00007efe98106860, RSI=0x0000000000000000, RDI=0x00007efeb030e1e0
R8 =0x0000000000000320, R9 =0x0000000000000000, R10=0x00000000000001a4, R11=0x00007efea12bcb98
R12=0x00007efe500097a0, R13=0x0000000000000000, R14=0x00007efe9877cb00, R15=0x00007efeb030e000
RIP=0x00007efea106947a, EFLAGS=0x0000000000010246, CSGSFS=0x002b000000000033, ERR=0x0000000000000004
  TRAPNO=0x000000000000000e

Top of Stack: (sp=0x00007efe98106838)
0x00007efe98106838:   00007efe98559f74 00007efeb480d400
0x00007efe98106848:   00007efe500097a0 00007efe98106910
0x00007efe98106858:   00007efe981068e0 0000000000000000
0x00007efe98106868:   00007efe90d293c0 00007efeb480d400
0x00007efe98106878:   00007efe981068a0 0000000000000000
0x00007efe98106888:   00007efe90d20f93 00007efe98106910
0x00007efe98106898:   00007efe98551cef 00007efe981068f0
0x00007efe981068a8:   00007efea12bcc36 ffffffffffffffff
0x00007efe981068b8:   00007efeb4a43e68 00000000ec7c2148
0x00007efe981068c8:   00007efeb4a3fff8 00007efe98106970
0x00007efe981068d8:   00007efea12aff2f 00000000c2600cd0
0x00007efe981068e8:   00007efeb4a3fff8 00007efe98106970
0x00007efe981068f8:   00007efea10077d0 00007efe98106970
0x00007efe98106908:   00007efea10077d0 0000000000000000
0x00007efe98106918:   00007efea1007b10 00007efe54000e30
0x00007efe98106928:   00000000ec7c2148 00007efe98106930
0x00007efe98106938:   00007efeb47cc61c 00007efe981069b8
0x00007efe98106948:   00007efeb47e43e0 0000000000000000
0x00007efe98106958:   00007efeb47cc758 00007efe98106910
0x00007efe98106968:   00007efe981069b0 00007efe98106a00
0x00007efe98106978:   00007efea1007ffd 0000000000000000
0x00007efe98106988:   00000000ec768820 00000000ec768668
0x00007efe98106998:   0000000000000000 0000000000000000
0x00007efe981069a8:   00000000ec7c2148 0000000000000000
0x00007efe981069b8:   00000000ec7c20f0 00007efe981069c0
0x00007efe981069c8:   00007efeb47cc45d 00007efe98106a10
0x00007efe981069d8:   00007efeb47e43e0 0000000000000000
0x00007efe981069e8:   00007efeb47cc468 00007efe981069b0
0x00007efe981069f8:   00007efe98106a10 00007efe98106a58
0x00007efe98106a08:   00007efea1008042 00000000ec7c20f0
0x00007efe98106a18:   00007efe98106a18 00007efeb430599b
0x00007efe98106a28:   00007efe98106a68 00007efeb438d138 

Instructions: (pc=0x00007efea106947a)
0x00007efea106945a:   00 00 00 00 00 00 44 8b 15 6d a7 fa 16 4c 8b ce
0x00007efea106946a:   41 f6 c2 01 0f 85 2e 00 00 00 4d 33 ca 4d 33 ca
0x00007efea106947a:   4d 8b 09 4c 8b da 49 c1 eb 02 4b 8b 04 19 49 bb
0x00007efea106948a:   d4 3b 01 b8 fe 7e 00 00 4c 33 d8 4c 33 d8 45 3b 

Register to memory mapping:

RAX=0x00007efeb7fe7040: <offset 0xef5040> in /usr/lib/jvm/java-8-openjdk-amd64/jre/lib/amd64/server/libjvm.so at 0x00007efeb70f2000
RBX=0x00007efeb030e1e0 is an unknown value
RCX=0x0000000000000000 is an unknown value
RDX=0x0000000000000042 is an unknown value
RSP=0x00007efe98106838 is pointing into the stack for thread: 0x00007efeb030e000
RBP=0x00007efe98106860 is pointing into the stack for thread: 0x00007efeb030e000
RSI=0x0000000000000000 is an unknown value
RDI=0x00007efeb030e1e0 is an unknown value
R8 =0x0000000000000320 is an unknown value
R9 =0x0000000000000000 is an unknown value
R10=0x00000000000001a4 is an unknown value
R11=0x00007efea12bcb98 is at entry_point+24 in (nmethod*)0x00007efea12bca10
R12=0x00007efe500097a0 is an unknown value
R13=0x0000000000000000 is an unknown value
R14=0x00007efe9877cb00: <offset 0x258b00> in /usr/lib/jvm/java-8-openjdk-amd64/jre/lib/amd64/libawt_xawt.so at 0x00007efe98524000
R15=0x00007efeb030e000 is a thread


Stack: [0x00007efe98007000,0x00007efe98108000],  sp=0x00007efe98106838,  free space=1022k
Native frames: (J=compiled Java code, j=interpreted, Vv=VM code, C=native code)
v  ~BufferBlob::jni_fast_GetLongField
C  [libX11.so.6+0x643c0]  _XimServerDestroy+0x70

Java frames: (J=compiled Java code, j=interpreted, Vv=VM code)
J 731  sun.awt.X11.XlibWrapper.XFilterEvent(JJ)Z (0 bytes) @ 0x00007efea12bcbc4 [0x00007efea12bcb80+0x44]
j  sun.awt.X11.XToolkit.run(Z)V+300
j  sun.awt.X11.XToolkit.run()V+5
j  java.lang.Thread.run()V+11
v  ~StubRoutines::call_stub

---------------  P R O C E S S  ---------------

Java Threads: ( => current thread )
  0x00007efe24002000 JavaThread "XToolkt-Shutdown-Thread" [_thread_blocked, id=12984, stack(0x00007efe5b21e000,0x00007efe5b31f000)]
  0x00007efe74002000 JavaThread "SIGTERM handler" daemon [_thread_blocked, id=12978, stack(0x00007efe39cf9000,0x00007efe39dfa000)]
  0x00007efe74001000 JavaThread "SIGHUP handler" daemon [_thread_blocked, id=12977, stack(0x00007efe4002a000,0x00007efe4012b000)]
  0x00007efeb0009800 JavaThread "DestroyJavaVM" [_thread_blocked, id=3157, stack(0x00007efeb8d48000,0x00007efeb8e49000)]
  0x00007efeb04d2800 JavaThread "H2 PG Server (pg://127.0.1.1:5435)" [_thread_in_native, id=3202, stack(0x00007efe39dfa000,0x00007efe39efb000)]
  0x00007efeb04d2000 JavaThread "H2 TCP Server (tcp://127.0.1.1:9092)" [_thread_in_native, id=3201, stack(0x00007efe39efb000,0x00007efe39ffc000)]
  0x00007efeb0342800 JavaThread "Thread-1" daemon [_thread_blocked, id=3178, stack(0x00007efe5b11d000,0x00007efe5b21e000)]
  0x00007efeb033f000 JavaThread "AWT-EventQueue-0" [_thread_blocked, id=3176, stack(0x00007efe5b51f000,0x00007efe5b620000)]
  0x00007efeb033d000 JavaThread "AWT-Shutdown" [_thread_blocked, id=3175, stack(0x00007efe5b620000,0x00007efe5b721000)]
=>0x00007efeb030e000 JavaThread "AWT-XAWT" daemon [_thread_in_native, id=3174, stack(0x00007efe98007000,0x00007efe98108000)]
  0x00007efeb02ef800 JavaThread "Java2D Disposer" daemon [_thread_blocked, id=3173, stack(0x00007efe98a4e000,0x00007efe98b4f000)]
  0x00007efeb024b000 JavaThread "H2 Console Server (http://127.0.1.1:8082)" [_thread_in_native, id=3171, stack(0x00007efe98b4f000,0x00007efe98c50000)]
  0x00007efeb0199000 JavaThread "Service Thread" daemon [_thread_blocked, id=3169, stack(0x00007efe98f69000,0x00007efe9906a000)]
  0x00007efeb0179800 JavaThread "C1 CompilerThread2" daemon [_thread_blocked, id=3168, stack(0x00007efe9906a000,0x00007efe9916b000)]
  0x00007efeb0178000 JavaThread "C2 CompilerThread1" daemon [_thread_blocked, id=3167, stack(0x00007efe9916b000,0x00007efe9926c000)]
  0x00007efeb0175000 JavaThread "C2 CompilerThread0" daemon [_thread_blocked, id=3166, stack(0x00007efe9926c000,0x00007efe9936d000)]
  0x00007efeb0173000 JavaThread "Signal Dispatcher" daemon [_thread_blocked, id=3165, stack(0x00007efe9936d000,0x00007efe9946e000)]
  0x00007efeb014a800 JavaThread "Finalizer" daemon [_thread_blocked, id=3164, stack(0x00007efe99e2d000,0x00007efe99f2e000)]
  0x00007efeb0145800 JavaThread "Reference Handler" daemon [_thread_blocked, id=3163, stack(0x00007efe99f2e000,0x00007efe9a02f000)]

Other Threads:
  0x00007efeb013e000 VMThread [stack: 0x00007efe9a02f000,0x00007efe9a130000] [id=3162]
  0x00007efeb019b800 WatcherThread [stack: 0x00007efe98e68000,0x00007efe98f69000] [id=3170]

VM state:not at safepoint (normal execution)

VM Mutex/Monitor currently owned by a thread: None

Heap:
 PSYoungGen      total 18432K, used 8405K [0x00000000eb780000, 0x00000000ecc00000, 0x0000000100000000)
  eden space 15872K, 36% used [0x00000000eb780000,0x00000000ebd396c0,0x00000000ec700000)
  from space 2560K, 99% used [0x00000000ec700000,0x00000000ec97c020,0x00000000ec980000)
  to   space 2560K, 0% used [0x00000000ec980000,0x00000000ec980000,0x00000000ecc00000)
 ParOldGen       total 42496K, used 1804K [0x00000000c2600000, 0x00000000c4f80000, 0x00000000eb780000)
  object space 42496K, 4% used [0x00000000c2600000,0x00000000c27c3170,0x00000000c4f80000)
 Metaspace       used 13644K, capacity 13824K, committed 14080K, reserved 1062912K
  class space    used 1406K, capacity 1476K, committed 1536K, reserved 1048576K

Card table byte_map: [0x00007efeb5212000,0x00007efeb5400000] byte_map_base: 0x00007efeb4bff000

Marking Bits: (ParMarkBitMap*) 0x00007efeb80132c0
 Begin Bits: [0x00007efe9a130000, 0x00007efe9b098000)
 End Bits:   [0x00007efe9b098000, 0x00007efe9c000000)

Polling page: 0x00007efeb8e66000

CodeCache: size=245760Kb used=4040Kb max_used=4040Kb free=241719Kb
 bounds [0x00007efea1000000, 0x00007efea1400000, 0x00007efeb0000000]
 total_blobs=1574 nmethods=1036 adapters=454
 compilation: enabled

Compilation events (10 events):
Event: 25332,992 Thread 0x00007efeb0179800 1124       3       java.util.concurrent.locks.AbstractQueuedSynchronizer$ConditionObject::addConditionWaiter (64 bytes)
Event: 25332,992 Thread 0x00007efeb0179800 nmethod 1124 0x00007efea13e27d0 code [0x00007efea13e2960, 0x00007efea13e2d88]
Event: 25332,992 Thread 0x00007efeb0179800 1125       3       java.util.concurrent.locks.AbstractQueuedSynchronizer$Node::<init> (15 bytes)
Event: 25332,992 Thread 0x00007efeb0179800 nmethod 1125 0x00007efea126ef90 code [0x00007efea126f100, 0x00007efea126f2d0]
Event: 25333,025 Thread 0x00007efeb0179800 1126       3       java.util.concurrent.locks.AbstractQueuedSynchronizer::transferForSignal (45 bytes)
Event: 25333,025 Thread 0x00007efeb0179800 nmethod 1126 0x00007efea13e1f90 code [0x00007efea13e2140, 0x00007efea13e2618]
Event: 25342,820 Thread 0x00007efeb0179800 1127   !   3       org.h2.server.web.WebServer::readTranslations (205 bytes)
Event: 25342,931 Thread 0x00007efeb0179800 nmethod 1127 0x00007efea13e2f10 code [0x00007efea13e3460, 0x00007efea13e6aa8]
Event: 25624,564 Thread 0x00007efeb0179800 1128 % !   3       sun.awt.X11.XToolkit::run @ 59 (410 bytes)
Event: 25624,646 Thread 0x00007efeb0179800 nmethod 1128% 0x00007efea13e8d50 code [0x00007efea13e9720, 0x00007efea13f1098]

GC Heap History (6 events):
Event: 2,157 GC heap before
{Heap before GC invocations=1 (full 0):
 PSYoungGen      total 18432K, used 15872K [0x00000000eb780000, 0x00000000ecc00000, 0x0000000100000000)
  eden space 15872K, 100% used [0x00000000eb780000,0x00000000ec700000,0x00000000ec700000)
  from space 2560K, 0% used [0x00000000ec980000,0x00000000ec980000,0x00000000ecc00000)
  to   space 2560K, 0% used [0x00000000ec700000,0x00000000ec700000,0x00000000ec980000)
 ParOldGen       total 42496K, used 0K [0x00000000c2600000, 0x00000000c4f80000, 0x00000000eb780000)
  object space 42496K, 0% used [0x00000000c2600000,0x00000000c2600000,0x00000000c4f80000)
 Metaspace       used 12820K, capacity 13020K, committed 13312K, reserved 1060864K
  class space    used 1370K, capacity 1444K, committed 1536K, reserved 1048576K
Event: 2,163 GC heap after
Heap after GC invocations=1 (full 0):
 PSYoungGen      total 18432K, used 2528K [0x00000000eb780000, 0x00000000ecc00000, 0x0000000100000000)
  eden space 15872K, 0% used [0x00000000eb780000,0x00000000eb780000,0x00000000ec700000)
  from space 2560K, 98% used [0x00000000ec700000,0x00000000ec9781f8,0x00000000ec980000)
  to   space 2560K, 0% used [0x00000000ec980000,0x00000000ec980000,0x00000000ecc00000)
 ParOldGen       total 42496K, used 1684K [0x00000000c2600000, 0x00000000c4f80000, 0x00000000eb780000)
  object space 42496K, 3% used [0x00000000c2600000,0x00000000c27a5170,0x00000000c4f80000)
 Metaspace       used 12820K, capacity 13020K, committed 13312K, reserved 1060864K
  class space    used 1370K, capacity 1444K, committed 1536K, reserved 1048576K
}
Event: 13552,745 GC heap before
{Heap before GC invocations=2 (full 0):
 PSYoungGen      total 18432K, used 18400K [0x00000000eb780000, 0x00000000ecc00000, 0x0000000100000000)
  eden space 15872K, 100% used [0x00000000eb780000,0x00000000ec700000,0x00000000ec700000)
  from space 2560K, 98% used [0x00000000ec700000,0x00000000ec9781f8,0x00000000ec980000)
  to   space 2560K, 0% used [0x00000000ec980000,0x00000000ec980000,0x00000000ecc00000)
 ParOldGen       total 42496K, used 1684K [0x00000000c2600000, 0x00000000c4f80000, 0x00000000eb780000)
  object space 42496K, 3% used [0x00000000c2600000,0x00000000c27a5170,0x00000000c4f80000)
 Metaspace       used 13430K, capacity 13632K, committed 13824K, reserved 1060864K
  class space    used 1402K, capacity 1476K, committed 1536K, reserved 1048576K
Event: 13553,111 GC heap after
Heap after GC invocations=2 (full 0):
 PSYoungGen      total 18432K, used 2530K [0x00000000eb780000, 0x00000000ecc00000, 0x0000000100000000)
  eden space 15872K, 0% used [0x00000000eb780000,0x00000000eb780000,0x00000000ec700000)
  from space 2560K, 98% used [0x00000000ec980000,0x00000000ecbf8840,0x00000000ecc00000)
  to   space 2560K, 0% used [0x00000000ec700000,0x00000000ec700000,0x00000000ec980000)
 ParOldGen       total 42496K, used 1724K [0x00000000c2600000, 0x00000000c4f80000, 0x00000000eb780000)
  object space 42496K, 4% used [0x00000000c2600000,0x00000000c27af170,0x00000000c4f80000)
 Metaspace       used 13430K, capacity 13632K, committed 13824K, reserved 1060864K
  class space    used 1402K, capacity 1476K, committed 1536K, reserved 1048576K
}
Event: 23935,060 GC heap before
{Heap before GC invocations=3 (full 0):
 PSYoungGen      total 18432K, used 18402K [0x00000000eb780000, 0x00000000ecc00000, 0x0000000100000000)
  eden space 15872K, 100% used [0x00000000eb780000,0x00000000ec700000,0x00000000ec700000)
  from space 2560K, 98% used [0x00000000ec980000,0x00000000ecbf8840,0x00000000ecc00000)
  to   space 2560K, 0% used [0x00000000ec700000,0x00000000ec700000,0x00000000ec980000)
 ParOldGen       total 42496K, used 1724K [0x00000000c2600000, 0x00000000c4f80000, 0x00000000eb780000)
  object space 42496K, 4% used [0x00000000c2600000,0x00000000c27af170,0x00000000c4f80000)
 Metaspace       used 13580K, capacity 13760K, committed 14080K, reserved 1062912K
  class space    used 1402K, capacity 1476K, committed 1536K, reserved 1048576K
Event: 23935,311 GC heap after
Heap after GC invocations=3 (full 0):
 PSYoungGen      total 18432K, used 2544K [0x00000000eb780000, 0x00000000ecc00000, 0x0000000100000000)
  eden space 15872K, 0% used [0x00000000eb780000,0x00000000eb780000,0x00000000ec700000)
  from space 2560K, 99% used [0x00000000ec700000,0x00000000ec97c020,0x00000000ec980000)
  to   space 2560K, 0% used [0x00000000ec980000,0x00000000ec980000,0x00000000ecc00000)
 ParOldGen       total 42496K, used 1804K [0x00000000c2600000, 0x00000000c4f80000, 0x00000000eb780000)
  object space 42496K, 4% used [0x00000000c2600000,0x00000000c27c3170,0x00000000c4f80000)
 Metaspace       used 13580K, capacity 13760K, committed 14080K, reserved 1062912K
  class space    used 1402K, capacity 1476K, committed 1536K, reserved 1048576K
}

Deoptimization events (4 events):
Event: 2,114 Thread 0x00007efe5c02b800 Uncommon trap: reason=unstable_if action=reinterpret pc=0x00007efea11c8760 method=java.lang.String.replace(CC)Ljava/lang/String; @ 26
Event: 2848,123 Thread 0x00007efeb030e000 Uncommon trap: reason=unstable_if action=reinterpret pc=0x00007efea12bd330 method=java.util.AbstractMap.isEmpty()Z @ 4
Event: 2848,123 Thread 0x00007efeb030e000 Uncommon trap: reason=unstable_if action=reinterpret pc=0x00007efea12e4c90 method=java.util.AbstractMap.isEmpty()Z @ 4
Event: 2848,123 Thread 0x00007efeb030e000 Uncommon trap: reason=unstable_if action=reinterpret pc=0x00007efea12bcf50 method=java.util.AbstractMap.isEmpty()Z @ 4

Internal exceptions (10 events):
Event: 22263,686 Thread 0x00007efe5c007000 Exception <a 'java/net/SocketException'> (0x00000000ec513918) thrown at [/build/openjdk-8-W2Qe27/openjdk-8-8u151-b12/src/hotspot/src/share/vm/prims/jni.cpp, line 709]
Event: 22376,321 Thread 0x00007efe5c02b800 Exception <a 'java/net/SocketException'> (0x00000000ec59f560) thrown at [/build/openjdk-8-W2Qe27/openjdk-8-8u151-b12/src/hotspot/src/share/vm/prims/jni.cpp, line 709]
Event: 23020,920 Thread 0x00007efe5c008000 Exception <a 'java/net/SocketException'> (0x00000000ec661a38) thrown at [/build/openjdk-8-W2Qe27/openjdk-8-8u151-b12/src/hotspot/src/share/vm/prims/jni.cpp, line 709]
Event: 23620,306 Thread 0x00007efe5c007000 Exception <a 'java/net/SocketException'> (0x00000000ec6fde30) thrown at [/build/openjdk-8-W2Qe27/openjdk-8-8u151-b12/src/hotspot/src/share/vm/prims/jni.cpp, line 709]
Event: 23935,449 Thread 0x00007efe5c007000 Exception <a 'java/net/SocketException'> (0x00000000eb8372d8) thrown at [/build/openjdk-8-W2Qe27/openjdk-8-8u151-b12/src/hotspot/src/share/vm/prims/jni.cpp, line 709]
Event: 24136,411 Thread 0x00007efe5c02b800 Exception <a 'java/net/SocketException'> (0x00000000eb8ed698) thrown at [/build/openjdk-8-W2Qe27/openjdk-8-8u151-b12/src/hotspot/src/share/vm/prims/jni.cpp, line 709]
Event: 24297,120 Thread 0x00007efe5c007000 Exception <a 'java/net/SocketException'> (0x00000000eb98b130) thrown at [/build/openjdk-8-W2Qe27/openjdk-8-8u151-b12/src/hotspot/src/share/vm/prims/jni.cpp, line 709]
Event: 25242,438 Thread 0x00007efe5c02b800 Exception <a 'java/net/SocketException'> (0x00000000ebaab508) thrown at [/build/openjdk-8-W2Qe27/openjdk-8-8u151-b12/src/hotspot/src/share/vm/prims/jni.cpp, line 709]
Event: 25342,888 Thread 0x00007efe5c007000 Exception <a 'java/net/SocketException'> (0x00000000ebb4f848) thrown at [/build/openjdk-8-W2Qe27/openjdk-8-8u151-b12/src/hotspot/src/share/vm/prims/jni.cpp, line 709]
Event: 25650,235 Thread 0x00007efe5c007000 Exception <a 'java/net/SocketException'> (0x00000000ebc91620) thrown at [/build/openjdk-8-W2Qe27/openjdk-8-8u151-b12/src/hotspot/src/share/vm/prims/jni.cpp, line 709]

Events (10 events):
Event: 25561,353 Thread 0x00007efe5c02b800 Thread exited: 0x00007efe5c02b800
Event: 25561,353 Thread 0x00007efe5c032000 Thread exited: 0x00007efe5c032000
Event: 25650,165 Thread 0x00007efe5c032000 Thread added: 0x00007efe5c032000
Event: 25650,181 Thread 0x00007efe5c02b800 Thread added: 0x00007efe5c02b800
Event: 25650,182 Thread 0x00007efe5c007000 Thread added: 0x00007efe5c007000
Event: 25650,235 Executing VM operation: BulkRevokeBias
Event: 25650,235 Executing VM operation: BulkRevokeBias done
Event: 25650,235 Thread 0x00007efe5c007000 Thread exited: 0x00007efe5c007000
Event: 25655,992 Thread 0x00007efe5c032000 Thread exited: 0x00007efe5c032000
Event: 25655,992 Thread 0x00007efe5c02b800 Thread exited: 0x00007efe5c02b800


Dynamic libraries:
00400000-00401000 r-xp 00000000 08:06 2885777                            /usr/lib/jvm/java-8-openjdk-amd64/jre/bin/java
00600000-00601000 r--p 00000000 08:06 2885777                            /usr/lib/jvm/java-8-openjdk-amd64/jre/bin/java
00601000-00602000 rw-p 00001000 08:06 2885777                            /usr/lib/jvm/java-8-openjdk-amd64/jre/bin/java
01ee8000-01f09000 rw-p 00000000 00:00 0                                  [heap]
c2600000-c4f80000 rw-p 00000000 00:00 0 
c4f80000-eb780000 ---p 00000000 00:00 0 
eb780000-ecc00000 rw-p 00000000 00:00 0 
ecc00000-100000000 ---p 00000000 00:00 0 
100000000-100180000 rw-p 00000000 00:00 0 
100180000-140000000 ---p 00000000 00:00 0 
7efe14000000-7efe14021000 rw-p 00000000 00:00 0 
7efe14021000-7efe18000000 ---p 00000000 00:00 0 
7efe18000000-7efe18021000 rw-p 00000000 00:00 0 
7efe18021000-7efe1c000000 ---p 00000000 00:00 0 
7efe1c000000-7efe1c021000 rw-p 00000000 00:00 0 
7efe1c021000-7efe20000000 ---p 00000000 00:00 0 
7efe20000000-7efe20021000 rw-p 00000000 00:00 0 
7efe20021000-7efe24000000 ---p 00000000 00:00 0 
7efe24000000-7efe24022000 rw-p 00000000 00:00 0 
7efe24022000-7efe28000000 ---p 00000000 00:00 0 
7efe28000000-7efe2802c000 rw-p 00000000 00:00 0 
7efe2802c000-7efe2c000000 ---p 00000000 00:00 0 
7efe2c000000-7efe2c022000 rw-p 00000000 00:00 0 
7efe2c022000-7efe30000000 ---p 00000000 00:00 0 
7efe30000000-7efe30022000 rw-p 00000000 00:00 0 
7efe30022000-7efe34000000 ---p 00000000 00:00 0 
7efe34000000-7efe34022000 rw-p 00000000 00:00 0 
7efe34022000-7efe38000000 ---p 00000000 00:00 0 
7efe398f7000-7efe398fa000 ---p 00000000 00:00 0 
7efe398fa000-7efe39a38000 rw-p 00000000 00:00 0 
7efe39a38000-7efe39bfb000 ---p 00000000 00:00 0 
7efe39bfb000-7efe39cf9000 rw-p 00000000 00:00 0 
7efe39cf9000-7efe39cfc000 ---p 00000000 00:00 0 
7efe39cfc000-7efe39dfa000 rw-p 00000000 00:00 0 
7efe39dfa000-7efe39dfd000 ---p 00000000 00:00 0 
7efe39dfd000-7efe39efb000 rw-p 00000000 00:00 0 
7efe39efb000-7efe39efe000 ---p 00000000 00:00 0 
7efe39efe000-7efe39ffc000 rw-p 00000000 00:00 0 
7efe39ffc000-7efe39ffd000 ---p 00000000 00:00 0 
7efe39ffd000-7efe3a7fd000 rw-p 00000000 00:00 0 
7efe3a7fd000-7efe3a7fe000 ---p 00000000 00:00 0 
7efe3a7fe000-7efe3affe000 rw-p 00000000 00:00 0 
7efe3affe000-7efe3afff000 ---p 00000000 00:00 0 
7efe3afff000-7efe3b7ff000 rw-p 00000000 00:00 0 
7efe3b7ff000-7efe3b800000 ---p 00000000 00:00 0 
7efe3b800000-7efe3c000000 rw-p 00000000 00:00 0 
7efe3c000000-7efe3c021000 rw-p 00000000 00:00 0 
7efe3c021000-7efe40000000 ---p 00000000 00:00 0 
7efe4002a000-7efe4002d000 ---p 00000000 00:00 0 
7efe4002d000-7efe4032b000 rw-p 00000000 00:00 0 
7efe4032b000-7efe4032c000 ---p 00000000 00:00 0 
7efe4032c000-7efe40b2c000 rw-p 00000000 00:00 0 
7efe40b2c000-7efe40b45000 r-xp 00000000 08:06 3017728                    /usr/lib/x86_64-linux-gnu/gio/modules/libgioremote-volume-monitor.so
7efe40b45000-7efe40d45000 ---p 00019000 08:06 3017728                    /usr/lib/x86_64-linux-gnu/gio/modules/libgioremote-volume-monitor.so
7efe40d45000-7efe40d48000 r--p 00019000 08:06 3017728                    /usr/lib/x86_64-linux-gnu/gio/modules/libgioremote-volume-monitor.so
7efe40d48000-7efe40d49000 rw-p 0001c000 08:06 3017728                    /usr/lib/x86_64-linux-gnu/gio/modules/libgioremote-volume-monitor.so
7efe40d49000-7efe40d7f000 r-xp 00000000 08:06 3018285                    /usr/lib/x86_64-linux-gnu/gvfs/libgvfscommon.so
7efe40d7f000-7efe40f7f000 ---p 00036000 08:06 3018285                    /usr/lib/x86_64-linux-gnu/gvfs/libgvfscommon.so
7efe40f7f000-7efe40f84000 r--p 00036000 08:06 3018285                    /usr/lib/x86_64-linux-gnu/gvfs/libgvfscommon.so
7efe40f84000-7efe40f85000 rw-p 0003b000 08:06 3018285                    /usr/lib/x86_64-linux-gnu/gvfs/libgvfscommon.so
7efe40f85000-7efe40fb5000 r-xp 00000000 08:06 3017729                    /usr/lib/x86_64-linux-gnu/gio/modules/libgvfsdbus.so
7efe40fb5000-7efe411b4000 ---p 00030000 08:06 3017729                    /usr/lib/x86_64-linux-gnu/gio/modules/libgvfsdbus.so
7efe411b4000-7efe411b5000 r--p 0002f000 08:06 3017729                    /usr/lib/x86_64-linux-gnu/gio/modules/libgvfsdbus.so
7efe411b5000-7efe411b6000 rw-p 00030000 08:06 3017729                    /usr/lib/x86_64-linux-gnu/gio/modules/libgvfsdbus.so
7efe411b6000-7efe411b7000 rw-p 00000000 00:00 0 
7efe411b7000-7efe411c2000 r-xp 00000000 08:06 3017724                    /usr/lib/x86_64-linux-gnu/gio/modules/libdconfsettings.so
7efe411c2000-7efe413c2000 ---p 0000b000 08:06 3017724                    /usr/lib/x86_64-linux-gnu/gio/modules/libdconfsettings.so
7efe413c2000-7efe413c3000 r--p 0000b000 08:06 3017724                    /usr/lib/x86_64-linux-gnu/gio/modules/libdconfsettings.so
7efe413c3000-7efe413c4000 rw-p 0000c000 08:06 3017724                    /usr/lib/x86_64-linux-gnu/gio/modules/libdconfsettings.so
7efe413c4000-7efe413cb000 r-xp 00000000 08:06 2762209                    /usr/lib/x86_64-linux-gnu/libogg.so.0.8.2
7efe413cb000-7efe415cb000 ---p 00007000 08:06 2762209                    /usr/lib/x86_64-linux-gnu/libogg.so.0.8.2
7efe415cb000-7efe415cc000 r--p 00007000 08:06 2762209                    /usr/lib/x86_64-linux-gnu/libogg.so.0.8.2
7efe415cc000-7efe415cd000 rw-p 00008000 08:06 2762209                    /usr/lib/x86_64-linux-gnu/libogg.so.0.8.2
7efe415cd000-7efe415f7000 r-xp 00000000 08:06 2762569                    /usr/lib/x86_64-linux-gnu/libvorbis.so.0.4.8
7efe415f7000-7efe417f7000 ---p 0002a000 08:06 2762569                    /usr/lib/x86_64-linux-gnu/libvorbis.so.0.4.8
7efe417f7000-7efe417f8000 r--p 0002a000 08:06 2762569                    /usr/lib/x86_64-linux-gnu/libvorbis.so.0.4.8
7efe417f8000-7efe417f9000 rw-p 0002b000 08:06 2762569                    /usr/lib/x86_64-linux-gnu/libvorbis.so.0.4.8
7efe417f9000-7efe41802000 r-xp 00000000 08:06 2762070                    /usr/lib/x86_64-linux-gnu/libltdl.so.7.3.1
7efe41802000-7efe41a01000 ---p 00009000 08:06 2762070                    /usr/lib/x86_64-linux-gnu/libltdl.so.7.3.1
7efe41a01000-7efe41a02000 r--p 00008000 08:06 2762070                    /usr/lib/x86_64-linux-gnu/libltdl.so.7.3.1
7efe41a02000-7efe41a03000 rw-p 00009000 08:06 2762070                    /usr/lib/x86_64-linux-gnu/libltdl.so.7.3.1
7efe41a03000-7efe41a17000 r-xp 00000000 08:06 2762458                    /usr/lib/x86_64-linux-gnu/libtdb.so.1.3.8
7efe41a17000-7efe41c16000 ---p 00014000 08:06 2762458                    /usr/lib/x86_64-linux-gnu/libtdb.so.1.3.8
7efe41c16000-7efe41c17000 r--p 00013000 08:06 2762458                    /usr/lib/x86_64-linux-gnu/libtdb.so.1.3.8
7efe41c17000-7efe41c18000 rw-p 00014000 08:06 2762458                    /usr/lib/x86_64-linux-gnu/libtdb.so.1.3.8
7efe41c18000-7efe41c1f000 r-xp 00000000 08:06 2762573                    /usr/lib/x86_64-linux-gnu/libvorbisfile.so.3.3.7
7efe41c1f000-7efe41e1f000 ---p 00007000 08:06 2762573                    /usr/lib/x86_64-linux-gnu/libvorbisfile.so.3.3.7
7efe41e1f000-7efe41e20000 r--p 00007000 08:06 2762573                    /usr/lib/x86_64-linux-gnu/libvorbisfile.so.3.3.7
7efe41e20000-7efe41e21000 rw-p 00008000 08:06 2762573                    /usr/lib/x86_64-linux-gnu/libvorbisfile.so.3.3.7
7efe41e21000-7efe41e31000 r-xp 00000000 08:06 2761451                    /usr/lib/x86_64-linux-gnu/libcanberra.so.0.2.5
7efe41e31000-7efe42030000 ---p 00010000 08:06 2761451                    /usr/lib/x86_64-linux-gnu/libcanberra.so.0.2.5
7efe42030000-7efe42031000 r--p 0000f000 08:06 2761451                    /usr/lib/x86_64-linux-gnu/libcanberra.so.0.2.5
7efe42031000-7efe42032000 rw-p 00010000 08:06 2761451                    /usr/lib/x86_64-linux-gnu/libcanberra.so.0.2.5
7efe42032000-7efe42036000 r-xp 00000000 08:06 2761447                    /usr/lib/x86_64-linux-gnu/libcanberra-gtk.so.0.1.9
7efe42036000-7efe42235000 ---p 00004000 08:06 2761447                    /usr/lib/x86_64-linux-gnu/libcanberra-gtk.so.0.1.9
7efe42235000-7efe42236000 r--p 00003000 08:06 2761447                    /usr/lib/x86_64-linux-gnu/libcanberra-gtk.so.0.1.9
7efe42236000-7efe42237000 rw-p 00004000 08:06 2761447                    /usr/lib/x86_64-linux-gnu/libcanberra-gtk.so.0.1.9
7efe42237000-7efe4223c000 r-xp 00000000 08:06 3017939                    /usr/lib/x86_64-linux-gnu/gtk-2.0/modules/libcanberra-gtk-module.so
7efe4223c000-7efe4243b000 ---p 00005000 08:06 3017939                    /usr/lib/x86_64-linux-gnu/gtk-2.0/modules/libcanberra-gtk-module.so
7efe4243b000-7efe4243c000 r--p 00004000 08:06 3017939                    /usr/lib/x86_64-linux-gnu/gtk-2.0/modules/libcanberra-gtk-module.so
7efe4243c000-7efe4243d000 rw-p 00005000 08:06 3017939                    /usr/lib/x86_64-linux-gnu/gtk-2.0/modules/libcanberra-gtk-module.so
7efe4243d000-7efe4246d000 r-xp 00000000 08:06 3017921                    /usr/lib/x86_64-linux-gnu/gtk-2.0/2.10.0/engines/libmurrine.so
7efe4246d000-7efe4266d000 ---p 00030000 08:06 3017921                    /usr/lib/x86_64-linux-gnu/gtk-2.0/2.10.0/engines/libmurrine.so
7efe4266d000-7efe4266e000 r--p 00030000 08:06 3017921                    /usr/lib/x86_64-linux-gnu/gtk-2.0/2.10.0/engines/libmurrine.so
7efe4266e000-7efe4266f000 rw-p 00031000 08:06 3017921                    /usr/lib/x86_64-linux-gnu/gtk-2.0/2.10.0/engines/libmurrine.so
7efe4266f000-7efe42680000 r-xp 00000000 08:06 3017942                    /usr/lib/x86_64-linux-gnu/gtk-2.0/modules/liboverlay-scrollbar.so
7efe42680000-7efe42880000 ---p 00011000 08:06 3017942                    /usr/lib/x86_64-linux-gnu/gtk-2.0/modules/liboverlay-scrollbar.so
7efe42880000-7efe42881000 r--p 00011000 08:06 3017942                    /usr/lib/x86_64-linux-gnu/gtk-2.0/modules/liboverlay-scrollbar.so
7efe42881000-7efe42882000 rw-p 00012000 08:06 3017942                    /usr/lib/x86_64-linux-gnu/gtk-2.0/modules/liboverlay-scrollbar.so
7efe42882000-7efe42883000 r-xp 00000000 08:06 2761894                    /usr/lib/x86_64-linux-gnu/libgthread-2.0.so.0.4800.2
7efe42883000-7efe42a82000 ---p 00001000 08:06 2761894                    /usr/lib/x86_64-linux-gnu/libgthread-2.0.so.0.4800.2
7efe42a82000-7efe42a83000 r--p 00000000 08:06 2761894                    /usr/lib/x86_64-linux-gnu/libgthread-2.0.so.0.4800.2
7efe42a83000-7efe42a84000 rw-p 00001000 08:06 2761894                    /usr/lib/x86_64-linux-gnu/libgthread-2.0.so.0.4800.2
7efe42a84000-7efe42a8a000 r-xp 00000000 08:06 2761537                    /usr/lib/x86_64-linux-gnu/libdatrie.so.1.3.3
7efe42a8a000-7efe42c8a000 ---p 00006000 08:06 2761537                    /usr/lib/x86_64-linux-gnu/libdatrie.so.1.3.3
7efe42c8a000-7efe42c8b000 r--p 00006000 08:06 2761537                    /usr/lib/x86_64-linux-gnu/libdatrie.so.1.3.3
7efe42c8b000-7efe42c8c000 rw-p 00007000 08:06 2761537                    /usr/lib/x86_64-linux-gnu/libdatrie.so.1.3.3
7efe42c8c000-7efe42caf000 r-xp 00000000 08:06 2761841                    /usr/lib/x86_64-linux-gnu/libgraphite2.so.3.0.1
7efe42caf000-7efe42eae000 ---p 00023000 08:06 2761841                    /usr/lib/x86_64-linux-gnu/libgraphite2.so.3.0.1
7efe42eae000-7efe42eb0000 r--p 00022000 08:06 2761841                    /usr/lib/x86_64-linux-gnu/libgraphite2.so.3.0.1
7efe42eb0000-7efe42eb1000 rw-p 00024000 08:06 2761841                    /usr/lib/x86_64-linux-gnu/libgraphite2.so.3.0.1
7efe42eb1000-7efe42ed7000 r-xp 00000000 08:06 922193                     /lib/x86_64-linux-gnu/libexpat.so.1.6.0
7efe42ed7000-7efe430d7000 ---p 00026000 08:06 922193                     /lib/x86_64-linux-gnu/libexpat.so.1.6.0
7efe430d7000-7efe430d9000 r--p 00026000 08:06 922193                     /lib/x86_64-linux-gnu/libexpat.so.1.6.0
7efe430d9000-7efe430da000 rw-p 00028000 08:06 922193                     /lib/x86_64-linux-gnu/libexpat.so.1.6.0
7efe430da000-7efe43148000 r-xp 00000000 08:06 922291                     /lib/x86_64-linux-gnu/libpcre.so.3.13.2
7efe43148000-7efe43348000 ---p 0006e000 08:06 922291                     /lib/x86_64-linux-gnu/libpcre.so.3.13.2
7efe43348000-7efe43349000 r--p 0006e000 08:06 922291                     /lib/x86_64-linux-gnu/libpcre.so.3.13.2
7efe43349000-7efe4334a000 rw-p 0006f000 08:06 922291                     /lib/x86_64-linux-gnu/libpcre.so.3.13.2
7efe4334a000-7efe43351000 r-xp 00000000 08:06 2761666                    /usr/lib/x86_64-linux-gnu/libffi.so.6.0.4
7efe43351000-7efe43550000 ---p 00007000 08:06 2761666                    /usr/lib/x86_64-linux-gnu/libffi.so.6.0.4
7efe43550000-7efe43551000 r--p 00006000 08:06 2761666                    /usr/lib/x86_64-linux-gnu/libffi.so.6.0.4
7efe43551000-7efe43552000 rw-p 00007000 08:06 2761666                    /usr/lib/x86_64-linux-gnu/libffi.so.6.0.4
7efe43552000-7efe4355a000 r-xp 00000000 08:06 2762466                    /usr/lib/x86_64-linux-gnu/libthai.so.0.2.4
7efe4355a000-7efe43759000 ---p 00008000 08:06 2762466                    /usr/lib/x86_64-linux-gnu/libthai.so.0.2.4
7efe43759000-7efe4375a000 r--p 00007000 08:06 2762466                    /usr/lib/x86_64-linux-gnu/libthai.so.0.2.4
7efe4375a000-7efe4375b000 rw-p 00008000 08:06 2762466                    /usr/lib/x86_64-linux-gnu/libthai.so.0.2.4
7efe4375b000-7efe437b7000 r-xp 00000000 08:06 2761929                    /usr/lib/x86_64-linux-gnu/libharfbuzz.so.0.10000.1
7efe437b7000-7efe439b7000 ---p 0005c000 08:06 2761929                    /usr/lib/x86_64-linux-gnu/libharfbuzz.so.0.10000.1
7efe439b7000-7efe439b8000 r--p 0005c000 08:06 2761929                    /usr/lib/x86_64-linux-gnu/libharfbuzz.so.0.10000.1
7efe439b8000-7efe439b9000 rw-p 0005d000 08:06 2761929                    /usr/lib/x86_64-linux-gnu/libharfbuzz.so.0.10000.1
7efe439b9000-7efe439d0000 r-xp 00000000 08:06 922314                     /lib/x86_64-linux-gnu/libresolv-2.23.so
7efe439d0000-7efe43bd0000 ---p 00017000 08:06 922314                     /lib/x86_64-linux-gnu/libresolv-2.23.so
7efe43bd0000-7efe43bd1000 r--p 00017000 08:06 922314                     /lib/x86_64-linux-gnu/libresolv-2.23.so
7efe43bd1000-7efe43bd2000 rw-p 00018000 08:06 922314                     /lib/x86_64-linux-gnu/libresolv-2.23.so
7efe43bd2000-7efe43bd4000 rw-p 00000000 00:00 0 
7efe43bd4000-7efe43bf3000 r-xp 00000000 08:06 922320                     /lib/x86_64-linux-gnu/libselinux.so.1
7efe43bf3000-7efe43df2000 ---p 0001f000 08:06 922320                     /lib/x86_64-linux-gnu/libselinux.so.1
7efe43df2000-7efe43df3000 r--p 0001e000 08:06 922320                     /lib/x86_64-linux-gnu/libselinux.so.1
7efe43df3000-7efe43df4000 rw-p 0001f000 08:06 922320                     /lib/x86_64-linux-gnu/libselinux.so.1
7efe43df4000-7efe43df6000 rw-p 00000000 00:00 0 
7efe43df6000-7efe43dfe000 r-xp 00000000 08:06 2762680                    /usr/lib/x86_64-linux-gnu/libxcb-render.so.0.0.0
7efe43dfe000-7efe43ffe000 ---p 00008000 08:06 2762680                    /usr/lib/x86_64-linux-gnu/libxcb-render.so.0.0.0
7efe43ffe000-7efe43fff000 r--p 00008000 08:06 2762680                    /usr/lib/x86_64-linux-gnu/libxcb-render.so.0.0.0
7efe43fff000-7efe44000000 rw-p 00009000 08:06 2762680                    /usr/lib/x86_64-linux-gnu/libxcb-render.so.0.0.0
7efe44000000-7efe44021000 rw-p 00000000 00:00 0 
7efe44021000-7efe48000000 ---p 00000000 00:00 0 
7efe48000000-7efe48021000 rw-p 00000000 00:00 0 
7efe48021000-7efe4c000000 ---p 00000000 00:00 0 
7efe4c000000-7efe4c021000 rw-p 00000000 00:00 0 
7efe4c021000-7efe50000000 ---p 00000000 00:00 0 
7efe50000000-7efe50021000 rw-p 00000000 00:00 0 
7efe50021000-7efe54000000 ---p 00000000 00:00 0 
7efe54000000-7efe54021000 rw-p 00000000 00:00 0 
7efe54021000-7efe58000000 ---p 00000000 00:00 0 
7efe58060000-7efe58062000 r-xp 00000000 08:06 2762684                    /usr/lib/x86_64-linux-gnu/libxcb-shm.so.0.0.0
7efe58062000-7efe58262000 ---p 00002000 08:06 2762684                    /usr/lib/x86_64-linux-gnu/libxcb-shm.so.0.0.0
7efe58262000-7efe58263000 r--p 00002000 08:06 2762684                    /usr/lib/x86_64-linux-gnu/libxcb-shm.so.0.0.0
7efe58263000-7efe58264000 rw-p 00003000 08:06 2762684                    /usr/lib/x86_64-linux-gnu/libxcb-shm.so.0.0.0
7efe58264000-7efe58303000 r-xp 00000000 08:06 2762265                    /usr/lib/x86_64-linux-gnu/libpixman-1.so.0.33.6
7efe58303000-7efe58503000 ---p 0009f000 08:06 2762265                    /usr/lib/x86_64-linux-gnu/libpixman-1.so.0.33.6
7efe58503000-7efe5850b000 r--p 0009f000 08:06 2762265                    /usr/lib/x86_64-linux-gnu/libpixman-1.so.0.33.6
7efe5850b000-7efe5850c000 rw-p 000a7000 08:06 2762265                    /usr/lib/x86_64-linux-gnu/libpixman-1.so.0.33.6
7efe5850c000-7efe5850e000 r-xp 00000000 08:06 2761285                    /usr/lib/x86_64-linux-gnu/libXdamage.so.1.1.0
7efe5850e000-7efe5870d000 ---p 00002000 08:06 2761285                    /usr/lib/x86_64-linux-gnu/libXdamage.so.1.1.0
7efe5870d000-7efe5870e000 r--p 00001000 08:06 2761285                    /usr/lib/x86_64-linux-gnu/libXdamage.so.1.1.0
7efe5870e000-7efe5870f000 rw-p 00002000 08:06 2761285                    /usr/lib/x86_64-linux-gnu/libXdamage.so.1.1.0
7efe5870f000-7efe58711000 r-xp 00000000 08:06 2761281                    /usr/lib/x86_64-linux-gnu/libXcomposite.so.1.0.0
7efe58711000-7efe58910000 ---p 00002000 08:06 2761281                    /usr/lib/x86_64-linux-gnu/libXcomposite.so.1.0.0
7efe58910000-7efe58911000 r--p 00001000 08:06 2761281                    /usr/lib/x86_64-linux-gnu/libXcomposite.so.1.0.0
7efe58911000-7efe58912000 rw-p 00002000 08:06 2761281                    /usr/lib/x86_64-linux-gnu/libXcomposite.so.1.0.0
7efe58912000-7efe5891c000 r-xp 00000000 08:06 2761309                    /usr/lib/x86_64-linux-gnu/libXrandr.so.2.2.0
7efe5891c000-7efe58b1b000 ---p 0000a000 08:06 2761309                    /usr/lib/x86_64-linux-gnu/libXrandr.so.2.2.0
7efe58b1b000-7efe58b1c000 r--p 00009000 08:06 2761309                    /usr/lib/x86_64-linux-gnu/libXrandr.so.2.2.0
7efe58b1c000-7efe58b1d000 rw-p 0000a000 08:06 2761309                    /usr/lib/x86_64-linux-gnu/libXrandr.so.2.2.0
7efe58b1d000-7efe58b1f000 r-xp 00000000 08:06 2761301                    /usr/lib/x86_64-linux-gnu/libXinerama.so.1.0.0
7efe58b1f000-7efe58d1e000 ---p 00002000 08:06 2761301                    /usr/lib/x86_64-linux-gnu/libXinerama.so.1.0.0
7efe58d1e000-7efe58d1f000 r--p 00001000 08:06 2761301                    /usr/lib/x86_64-linux-gnu/libXinerama.so.1.0.0
7efe58d1f000-7efe58d20000 rw-p 00002000 08:06 2761301                    /usr/lib/x86_64-linux-gnu/libXinerama.so.1.0.0
7efe58d20000-7efe58d5d000 r-xp 00000000 08:06 2761680                    /usr/lib/x86_64-linux-gnu/libfontconfig.so.1.9.0
7efe58d5d000-7efe58f5c000 ---p 0003d000 08:06 2761680                    /usr/lib/x86_64-linux-gnu/libfontconfig.so.1.9.0
7efe58f5c000-7efe58f5e000 r--p 0003c000 08:06 2761680                    /usr/lib/x86_64-linux-gnu/libfontconfig.so.1.9.0
7efe58f5e000-7efe58f63000 rw-p 0003e000 08:06 2761680                    /usr/lib/x86_64-linux-gnu/libfontconfig.so.1.9.0
7efe58f63000-7efe59072000 r-xp 00000000 08:06 922204                     /lib/x86_64-linux-gnu/libglib-2.0.so.0.4800.2
7efe59072000-7efe59271000 ---p 0010f000 08:06 922204                     /lib/x86_64-linux-gnu/libglib-2.0.so.0.4800.2
7efe59271000-7efe59272000 r--p 0010e000 08:06 922204                     /lib/x86_64-linux-gnu/libglib-2.0.so.0.4800.2
7efe59272000-7efe59273000 rw-p 0010f000 08:06 922204                     /lib/x86_64-linux-gnu/libglib-2.0.so.0.4800.2
7efe59273000-7efe59274000 rw-p 00000000 00:00 0 
7efe59274000-7efe592c6000 r-xp 00000000 08:06 2761821                    /usr/lib/x86_64-linux-gnu/libgobject-2.0.so.0.4800.2
7efe592c6000-7efe594c5000 ---p 00052000 08:06 2761821                    /usr/lib/x86_64-linux-gnu/libgobject-2.0.so.0.4800.2
7efe594c5000-7efe594c6000 r--p 00051000 08:06 2761821                    /usr/lib/x86_64-linux-gnu/libgobject-2.0.so.0.4800.2
7efe594c6000-7efe594c7000 rw-p 00052000 08:06 2761821                    /usr/lib/x86_64-linux-gnu/libgobject-2.0.so.0.4800.2
7efe594c7000-7efe59510000 r-xp 00000000 08:06 2762235                    /usr/lib/x86_64-linux-gnu/libpango-1.0.so.0.3800.1
7efe59510000-7efe59710000 ---p 00049000 08:06 2762235                    /usr/lib/x86_64-linux-gnu/libpango-1.0.so.0.3800.1
7efe59710000-7efe59712000 r--p 00049000 08:06 2762235                    /usr/lib/x86_64-linux-gnu/libpango-1.0.so.0.3800.1
7efe59712000-7efe59713000 rw-p 0004b000 08:06 2762235                    /usr/lib/x86_64-linux-gnu/libpango-1.0.so.0.3800.1
7efe59713000-7efe59727000 r-xp 00000000 08:06 2762239                    /usr/lib/x86_64-linux-gnu/libpangoft2-1.0.so.0.3800.1
7efe59727000-7efe59927000 ---p 00014000 08:06 2762239                    /usr/lib/x86_64-linux-gnu/libpangoft2-1.0.so.0.3800.1
7efe59927000-7efe59928000 r--p 00014000 08:06 2762239                    /usr/lib/x86_64-linux-gnu/libpangoft2-1.0.so.0.3800.1
7efe59928000-7efe59929000 rw-p 00015000 08:06 2762239                    /usr/lib/x86_64-linux-gnu/libpangoft2-1.0.so.0.3800.1
7efe59929000-7efe59aa9000 r-xp 00000000 08:06 2761783                    /usr/lib/x86_64-linux-gnu/libgio-2.0.so.0.4800.2
7efe59aa9000-7efe59ca9000 ---p 00180000 08:06 2761783                    /usr/lib/x86_64-linux-gnu/libgio-2.0.so.0.4800.2
7efe59ca9000-7efe59cad000 r--p 00180000 08:06 2761783                    /usr/lib/x86_64-linux-gnu/libgio-2.0.so.0.4800.2
7efe59cad000-7efe59caf000 rw-p 00184000 08:06 2761783                    /usr/lib/x86_64-linux-gnu/libgio-2.0.so.0.4800.2
7efe59caf000-7efe59cb1000 rw-p 00000000 00:00 0 
7efe59cb1000-7efe59cd2000 r-xp 00000000 08:06 2761755                    /usr/lib/x86_64-linux-gnu/libgdk_pixbuf-2.0.so.0.3200.2
7efe59cd2000-7efe59ed1000 ---p 00021000 08:06 2761755                    /usr/lib/x86_64-linux-gnu/libgdk_pixbuf-2.0.so.0.3200.2
7efe59ed1000-7efe59ed2000 r--p 00020000 08:06 2761755                    /usr/lib/x86_64-linux-gnu/libgdk_pixbuf-2.0.so.0.3200.2
7efe59ed2000-7efe59ed3000 rw-p 00021000 08:06 2761755                    /usr/lib/x86_64-linux-gnu/libgdk_pixbuf-2.0.so.0.3200.2
7efe59ed3000-7efe59fe1000 r-xp 00000000 08:06 2761439                    /usr/lib/x86_64-linux-gnu/libcairo.so.2.11400.6
7efe59fe1000-7efe5a1e1000 ---p 0010e000 08:06 2761439                    /usr/lib/x86_64-linux-gnu/libcairo.so.2.11400.6
7efe5a1e1000-7efe5a1e4000 r--p 0010e000 08:06 2761439                    /usr/lib/x86_64-linux-gnu/libcairo.so.2.11400.6
7efe5a1e4000-7efe5a1e5000 rw-p 00111000 08:06 2761439                    /usr/lib/x86_64-linux-gnu/libcairo.so.2.11400.6
7efe5a1e5000-7efe5a1e7000 rw-p 00000000 00:00 0 
7efe5a1e7000-7efe5a209000 r-xp 00000000 08:06 2761382                    /usr/lib/x86_64-linux-gnu/libatk-1.0.so.0.21809.1
7efe5a209000-7efe5a408000 ---p 00022000 08:06 2761382                    /usr/lib/x86_64-linux-gnu/libatk-1.0.so.0.21809.1
7efe5a408000-7efe5a40b000 r--p 00021000 08:06 2761382                    /usr/lib/x86_64-linux-gnu/libatk-1.0.so.0.21809.1
7efe5a40b000-7efe5a40c000 rw-p 00024000 08:06 2761382                    /usr/lib/x86_64-linux-gnu/libatk-1.0.so.0.21809.1
7efe5a40c000-7efe5a418000 r-xp 00000000 08:06 2762237                    /usr/lib/x86_64-linux-gnu/libpangocairo-1.0.so.0.3800.1
7efe5a418000-7efe5a617000 ---p 0000c000 08:06 2762237                    /usr/lib/x86_64-linux-gnu/libpangocairo-1.0.so.0.3800.1
7efe5a617000-7efe5a618000 r--p 0000b000 08:06 2762237                    /usr/lib/x86_64-linux-gnu/libpangocairo-1.0.so.0.3800.1
7efe5a618000-7efe5a619000 rw-p 0000c000 08:06 2762237                    /usr/lib/x86_64-linux-gnu/libpangocairo-1.0.so.0.3800.1
7efe5a619000-7efe5a61c000 r-xp 00000000 08:06 2761797                    /usr/lib/x86_64-linux-gnu/libgmodule-2.0.so.0.4800.2
7efe5a61c000-7efe5a81b000 ---p 00003000 08:06 2761797                    /usr/lib/x86_64-linux-gnu/libgmodule-2.0.so.0.4800.2
7efe5a81b000-7efe5a81c000 r--p 00002000 08:06 2761797                    /usr/lib/x86_64-linux-gnu/libgmodule-2.0.so.0.4800.2
7efe5a81c000-7efe5a81d000 rw-p 00003000 08:06 2761797                    /usr/lib/x86_64-linux-gnu/libgmodule-2.0.so.0.4800.2
7efe5a81d000-7efe5a8cd000 r-xp 00000000 08:06 2761753                    /usr/lib/x86_64-linux-gnu/libgdk-x11-2.0.so.0.2400.30
7efe5a8cd000-7efe5aacc000 ---p 000b0000 08:06 2761753                    /usr/lib/x86_64-linux-gnu/libgdk-x11-2.0.so.0.2400.30
7efe5aacc000-7efe5aad0000 r--p 000af000 08:06 2761753                    /usr/lib/x86_64-linux-gnu/libgdk-x11-2.0.so.0.2400.30
7efe5aad0000-7efe5aad2000 rw-p 000b3000 08:06 2761753                    /usr/lib/x86_64-linux-gnu/libgdk-x11-2.0.so.0.2400.30
7efe5aad2000-7efe5af10000 r-xp 00000000 08:06 2761898                    /usr/lib/x86_64-linux-gnu/libgtk-x11-2.0.so.0.2400.30
7efe5af10000-7efe5b10f000 ---p 0043e000 08:06 2761898                    /usr/lib/x86_64-linux-gnu/libgtk-x11-2.0.so.0.2400.30
7efe5b10f000-7efe5b116000 r--p 0043d000 08:06 2761898                    /usr/lib/x86_64-linux-gnu/libgtk-x11-2.0.so.0.2400.30
7efe5b116000-7efe5b11a000 rw-p 00444000 08:06 2761898                    /usr/lib/x86_64-linux-gnu/libgtk-x11-2.0.so.0.2400.30
7efe5b11a000-7efe5b11d000 rw-p 00000000 00:00 0 
7efe5b11d000-7efe5b120000 ---p 00000000 00:00 0 
7efe5b120000-7efe5b21e000 rw-p 00000000 00:00 0 
7efe5b21e000-7efe5b221000 ---p 00000000 00:00 0 
7efe5b221000-7efe5b51f000 rw-p 00000000 00:00 0 
7efe5b51f000-7efe5b522000 ---p 00000000 00:00 0 
7efe5b522000-7efe5b620000 rw-p 00000000 00:00 0 
7efe5b620000-7efe5b623000 ---p 00000000 00:00 0 
7efe5b623000-7efe5b721000 rw-p 00000000 00:00 0 
7efe5b721000-7efe5b726000 r-xp 00000000 08:06 2761291                    /usr/lib/x86_64-linux-gnu/libXfixes.so.3.1.0
7efe5b726000-7efe5b925000 ---p 00005000 08:06 2761291                    /usr/lib/x86_64-linux-gnu/libXfixes.so.3.1.0
7efe5b925000-7efe5b926000 r--p 00004000 08:06 2761291                    /usr/lib/x86_64-linux-gnu/libXfixes.so.3.1.0
7efe5b926000-7efe5b927000 rw-p 00005000 08:06 2761291                    /usr/lib/x86_64-linux-gnu/libXfixes.so.3.1.0
7efe5b927000-7efe5b930000 r-xp 00000000 08:06 2761283                    /usr/lib/x86_64-linux-gnu/libXcursor.so.1.0.2
7efe5b930000-7efe5bb2f000 ---p 00009000 08:06 2761283                    /usr/lib/x86_64-linux-gnu/libXcursor.so.1.0.2
7efe5bb2f000-7efe5bb30000 r--p 00008000 08:06 2761283                    /usr/lib/x86_64-linux-gnu/libXcursor.so.1.0.2
7efe5bb30000-7efe5bb31000 rw-p 00009000 08:06 2761283                    /usr/lib/x86_64-linux-gnu/libXcursor.so.1.0.2
7efe5bb31000-7efe5bb55000 r-xp 00000000 08:06 922303                     /lib/x86_64-linux-gnu/libpng12.so.0.54.0
7efe5bb55000-7efe5bd54000 ---p 00024000 08:06 922303                     /lib/x86_64-linux-gnu/libpng12.so.0.54.0
7efe5bd54000-7efe5bd55000 r--p 00023000 08:06 922303                     /lib/x86_64-linux-gnu/libpng12.so.0.54.0
7efe5bd55000-7efe5bd56000 rw-p 00024000 08:06 922303                     /lib/x86_64-linux-gnu/libpng12.so.0.54.0
7efe5bd56000-7efe5bdfa000 r-xp 00000000 08:06 2761714                    /usr/lib/x86_64-linux-gnu/libfreetype.so.6.12.1
7efe5bdfa000-7efe5bff9000 ---p 000a4000 08:06 2761714                    /usr/lib/x86_64-linux-gnu/libfreetype.so.6.12.1
7efe5bff9000-7efe5bfff000 r--p 000a3000 08:06 2761714                    /usr/lib/x86_64-linux-gnu/libfreetype.so.6.12.1
7efe5bfff000-7efe5c000000 rw-p 000a9000 08:06 2761714                    /usr/lib/x86_64-linux-gnu/libfreetype.so.6.12.1
7efe5c000000-7efe5c033000 rw-p 00000000 00:00 0 
7efe5c033000-7efe60000000 ---p 00000000 00:00 0 
7efe60000000-7efe60021000 rw-p 00000000 00:00 0 
7efe60021000-7efe64000000 ---p 00000000 00:00 0 
7efe64000000-7efe64021000 rw-p 00000000 00:00 0 
7efe64021000-7efe68000000 ---p 00000000 00:00 0 
7efe68000000-7efe68021000 rw-p 00000000 00:00 0 
7efe68021000-7efe6c000000 ---p 00000000 00:00 0 
7efe6c000000-7efe6c3ea000 rw-p 00000000 00:00 0 
7efe6c3ea000-7efe70000000 ---p 00000000 00:00 0 
7efe70000000-7efe707c3000 rw-p 00000000 00:00 0 
7efe707c3000-7efe74000000 ---p 00000000 00:00 0 
7efe74000000-7efe74021000 rw-p 00000000 00:00 0 
7efe74021000-7efe78000000 ---p 00000000 00:00 0 
7efe78000000-7efe7811e000 rw-p 00000000 00:00 0 
7efe7811e000-7efe7c000000 ---p 00000000 00:00 0 
7efe7c000000-7efe7c021000 rw-p 00000000 00:00 0 
7efe7c021000-7efe80000000 ---p 00000000 00:00 0 
7efe80000000-7efe80021000 rw-p 00000000 00:00 0 
7efe80021000-7efe84000000 ---p 00000000 00:00 0 
7efe84000000-7efe84021000 rw-p 00000000 00:00 0 
7efe84021000-7efe88000000 ---p 00000000 00:00 0 
7efe88000000-7efe88021000 rw-p 00000000 00:00 0 
7efe88021000-7efe8c000000 ---p 00000000 00:00 0 
7efe8c000000-7efe8c021000 rw-p 00000000 00:00 0 
7efe8c021000-7efe90000000 ---p 00000000 00:00 0 
7efe9002e000-7efe90080000 r-xp 00000000 08:06 2885727                    /usr/lib/jvm/java-8-openjdk-amd64/jre/lib/amd64/libfontmanager.so
7efe90080000-7efe90280000 ---p 00052000 08:06 2885727                    /usr/lib/jvm/java-8-openjdk-amd64/jre/lib/amd64/libfontmanager.so
7efe90280000-7efe90282000 r--p 00052000 08:06 2885727                    /usr/lib/jvm/java-8-openjdk-amd64/jre/lib/amd64/libfontmanager.so
7efe90282000-7efe90283000 rw-p 00054000 08:06 2885727                    /usr/lib/jvm/java-8-openjdk-amd64/jre/lib/amd64/libfontmanager.so
7efe90283000-7efe90288000 r-xp 00000000 08:06 2761287                    /usr/lib/x86_64-linux-gnu/libXdmcp.so.6.0.0
7efe90288000-7efe90487000 ---p 00005000 08:06 2761287                    /usr/lib/x86_64-linux-gnu/libXdmcp.so.6.0.0
7efe90487000-7efe90488000 r--p 00004000 08:06 2761287                    /usr/lib/x86_64-linux-gnu/libXdmcp.so.6.0.0
7efe90488000-7efe90489000 rw-p 00005000 08:06 2761287                    /usr/lib/x86_64-linux-gnu/libXdmcp.so.6.0.0
7efe90489000-7efe9048b000 r-xp 00000000 08:06 2761276                    /usr/lib/x86_64-linux-gnu/libXau.so.6.0.0
7efe9048b000-7efe9068b000 ---p 00002000 08:06 2761276                    /usr/lib/x86_64-linux-gnu/libXau.so.6.0.0
7efe9068b000-7efe9068c000 r--p 00002000 08:06 2761276                    /usr/lib/x86_64-linux-gnu/libXau.so.6.0.0
7efe9068c000-7efe9068d000 rw-p 00003000 08:06 2761276                    /usr/lib/x86_64-linux-gnu/libXau.so.6.0.0
7efe9068d000-7efe906ae000 r-xp 00000000 08:06 2762694                    /usr/lib/x86_64-linux-gnu/libxcb.so.1.1.0
7efe906ae000-7efe908ad000 ---p 00021000 08:06 2762694                    /usr/lib/x86_64-linux-gnu/libxcb.so.1.1.0
7efe908ad000-7efe908ae000 r--p 00020000 08:06 2762694                    /usr/lib/x86_64-linux-gnu/libxcb.so.1.1.0
7efe908ae000-7efe908af000 rw-p 00021000 08:06 2762694                    /usr/lib/x86_64-linux-gnu/libxcb.so.1.1.0
7efe908af000-7efe908be000 r-xp 00000000 08:06 2761299                    /usr/lib/x86_64-linux-gnu/libXi.so.6.1.0
7efe908be000-7efe90abd000 ---p 0000f000 08:06 2761299                    /usr/lib/x86_64-linux-gnu/libXi.so.6.1.0
7efe90abd000-7efe90abe000 r--p 0000e000 08:06 2761299                    /usr/lib/x86_64-linux-gnu/libXi.so.6.1.0
7efe90abe000-7efe90abf000 rw-p 0000f000 08:06 2761299                    /usr/lib/x86_64-linux-gnu/libXi.so.6.1.0
7efe90abf000-7efe90ac4000 r-xp 00000000 08:06 2761317                    /usr/lib/x86_64-linux-gnu/libXtst.so.6.1.0
7efe90ac4000-7efe90cc3000 ---p 00005000 08:06 2761317                    /usr/lib/x86_64-linux-gnu/libXtst.so.6.1.0
7efe90cc3000-7efe90cc4000 r--p 00004000 08:06 2761317                    /usr/lib/x86_64-linux-gnu/libXtst.so.6.1.0
7efe90cc4000-7efe90cc5000 rw-p 00005000 08:06 2761317                    /usr/lib/x86_64-linux-gnu/libXtst.so.6.1.0
7efe90cc5000-7efe90dfa000 r-xp 00000000 08:06 2761272                    /usr/lib/x86_64-linux-gnu/libX11.so.6.3.0
7efe90dfa000-7efe90ffa000 ---p 00135000 08:06 2761272                    /usr/lib/x86_64-linux-gnu/libX11.so.6.3.0
7efe90ffa000-7efe90ffb000 r--p 00135000 08:06 2761272                    /usr/lib/x86_64-linux-gnu/libX11.so.6.3.0
7efe90ffb000-7efe90fff000 rw-p 00136000 08:06 2761272                    /usr/lib/x86_64-linux-gnu/libX11.so.6.3.0
7efe90fff000-7efe94000000 rw-p 00000000 00:00 0 
7efe94000000-7efe94021000 rw-p 00000000 00:00 0 
7efe94021000-7efe98000000 ---p 00000000 00:00 0 
7efe98007000-7efe9800a000 ---p 00000000 00:00 0 
7efe9800a000-7efe98108000 rw-p 00000000 00:00 0 
7efe98108000-7efe98111000 r-xp 00000000 08:06 2761311                    /usr/lib/x86_64-linux-gnu/libXrender.so.1.3.0
7efe98111000-7efe98310000 ---p 00009000 08:06 2761311                    /usr/lib/x86_64-linux-gnu/libXrender.so.1.3.0
7efe98310000-7efe98311000 r--p 00008000 08:06 2761311                    /usr/lib/x86_64-linux-gnu/libXrender.so.1.3.0
7efe98311000-7efe98312000 rw-p 00009000 08:06 2761311                    /usr/lib/x86_64-linux-gnu/libXrender.so.1.3.0
7efe98312000-7efe98323000 r-xp 00000000 08:06 2761289                    /usr/lib/x86_64-linux-gnu/libXext.so.6.4.0
7efe98323000-7efe98522000 ---p 00011000 08:06 2761289                    /usr/lib/x86_64-linux-gnu/libXext.so.6.4.0
7efe98522000-7efe98523000 r--p 00010000 08:06 2761289                    /usr/lib/x86_64-linux-gnu/libXext.so.6.4.0
7efe98523000-7efe98524000 rw-p 00011000 08:06 2761289                    /usr/lib/x86_64-linux-gnu/libXext.so.6.4.0
7efe98524000-7efe98578000 r-xp 00000000 08:06 2885728                    /usr/lib/jvm/java-8-openjdk-amd64/jre/lib/amd64/libawt_xawt.so
7efe98578000-7efe98778000 ---p 00054000 08:06 2885728                    /usr/lib/jvm/java-8-openjdk-amd64/jre/lib/amd64/libawt_xawt.so
7efe98778000-7efe98779000 r--p 00054000 08:06 2885728                    /usr/lib/jvm/java-8-openjdk-amd64/jre/lib/amd64/libawt_xawt.so
7efe98779000-7efe9877c000 rw-p 00055000 08:06 2885728                    /usr/lib/jvm/java-8-openjdk-amd64/jre/lib/amd64/libawt_xawt.so
7efe9877c000-7efe9877d000 rw-p 00000000 00:00 0 
7efe9877d000-7efe9881d000 r-xp 00000000 08:06 2885744                    /usr/lib/jvm/java-8-openjdk-amd64/jre/lib/amd64/libawt.so
7efe9881d000-7efe98a1d000 ---p 000a0000 08:06 2885744                    /usr/lib/jvm/java-8-openjdk-amd64/jre/lib/amd64/libawt.so
7efe98a1d000-7efe98a1e000 r--p 000a0000 08:06 2885744                    /usr/lib/jvm/java-8-openjdk-amd64/jre/lib/amd64/libawt.so
7efe98a1e000-7efe98a29000 rw-p 000a1000 08:06 2885744                    /usr/lib/jvm/java-8-openjdk-amd64/jre/lib/amd64/libawt.so
7efe98a29000-7efe98a4e000 rw-p 00000000 00:00 0 
7efe98a4e000-7efe98a51000 ---p 00000000 00:00 0 
7efe98a51000-7efe98b4f000 rw-p 00000000 00:00 0 
7efe98b4f000-7efe98b52000 ---p 00000000 00:00 0 
7efe98b52000-7efe98c50000 rw-p 00000000 00:00 0 
7efe98c50000-7efe98c67000 r-xp 00000000 08:06 2885738                    /usr/lib/jvm/java-8-openjdk-amd64/jre/lib/amd64/libnet.so
7efe98c67000-7efe98e66000 ---p 00017000 08:06 2885738                    /usr/lib/jvm/java-8-openjdk-amd64/jre/lib/amd64/libnet.so
7efe98e66000-7efe98e67000 r--p 00016000 08:06 2885738                    /usr/lib/jvm/java-8-openjdk-amd64/jre/lib/amd64/libnet.so
7efe98e67000-7efe98e68000 rw-p 00017000 08:06 2885738                    /usr/lib/jvm/java-8-openjdk-amd64/jre/lib/amd64/libnet.so
7efe98e68000-7efe98e69000 ---p 00000000 00:00 0 
7efe98e69000-7efe98f69000 rw-p 00000000 00:00 0 
7efe98f69000-7efe98f6c000 ---p 00000000 00:00 0 
7efe98f6c000-7efe9906a000 rw-p 00000000 00:00 0 
7efe9906a000-7efe9906d000 ---p 00000000 00:00 0 
7efe9906d000-7efe9916b000 rw-p 00000000 00:00 0 
7efe9916b000-7efe9916e000 ---p 00000000 00:00 0 
7efe9916e000-7efe9926c000 rw-p 00000000 00:00 0 
7efe9926c000-7efe9926f000 ---p 00000000 00:00 0 
7efe9926f000-7efe9936d000 rw-p 00000000 00:00 0 
7efe9936d000-7efe99370000 ---p 00000000 00:00 0 
7efe99370000-7efe9946e000 rw-p 00000000 00:00 0 
7efe9946e000-7efe99e2d000 r--p 00000000 08:06 2760234                    /usr/lib/locale/locale-archive
7efe99e2d000-7efe99e30000 ---p 00000000 00:00 0 
7efe99e30000-7efe99f2e000 rw-p 00000000 00:00 0 
7efe99f2e000-7efe99f31000 ---p 00000000 00:00 0 
7efe99f31000-7efe9a02f000 rw-p 00000000 00:00 0 
7efe9a02f000-7efe9a030000 ---p 00000000 00:00 0 
7efe9a030000-7efe9c000000 rw-p 00000000 00:00 0 
7efe9c000000-7efe9c021000 rw-p 00000000 00:00 0 
7efe9c021000-7efea0000000 ---p 00000000 00:00 0 
7efea00d2000-7efea00f1000 r--s 00000000 08:06 3147751                    /usr/share/mime/mime.cache
7efea00f1000-7efea1000000 rw-p 00000000 00:00 0 
7efea1000000-7efea1400000 rwxp 00000000 00:00 0 
7efea1400000-7efeb0000000 ---p 00000000 00:00 0 
7efeb0000000-7efeb04dc000 rw-p 00000000 00:00 0 
7efeb04dc000-7efeb4000000 ---p 00000000 00:00 0 
7efeb4000000-7efeb4005000 r--s 0009a000 08:06 2885759                    /usr/lib/jvm/java-8-openjdk-amd64/jre/lib/jsse.jar
7efeb4005000-7efeb4009000 r--p 00000000 08:06 2372155                    /home/urgimchak/.config/dconf/user (deleted)
7efeb4009000-7efeb400a000 r--s 00000000 00:28 59817                      /run/user/1000/dconf/user (deleted)
7efeb400a000-7efeb4050000 r--p 00000000 08:06 3673239                    /usr/share/glib-2.0/schemas/gschemas.compiled
7efeb4050000-7efeb4063000 r--s 00346000 08:06 2885758                    /usr/lib/jvm/java-8-openjdk-amd64/jre/lib/resources.jar
7efeb4063000-7efeb4070000 r--s 00189000 08:06 2492687                    /home/urgimchak/soft/h2/h2/bin/h2-1.3.176.jar
7efeb4070000-7efeb4072000 r--s 00008000 08:06 2885703                    /usr/lib/jvm/java-8-openjdk-amd64/jre/lib/ext/sunec.jar
7efeb4072000-7efeb4075000 r--s 0000f000 08:06 2885698                    /usr/lib/jvm/java-8-openjdk-amd64/jre/lib/ext/icedtea-sound.jar
7efeb4075000-7efeb4076000 r--s 0000a000 08:06 2885706                    /usr/lib/jvm/java-8-openjdk-amd64/jre/lib/ext/jaccess.jar
7efeb4076000-7efeb4091000 r--s 00394000 08:06 2885699                    /usr/lib/jvm/java-8-openjdk-amd64/jre/lib/ext/cldrdata.jar
7efeb4091000-7efeb4093000 r--s 00001000 08:06 2885707                    /usr/lib/jvm/java-8-openjdk-amd64/jre/lib/ext/dnsns.jar
7efeb4093000-7efeb4262000 r--s 03c21000 08:06 2885694                    /usr/lib/jvm/java-8-openjdk-amd64/jre/lib/rt.jar
7efeb4262000-7efeb4cc5000 rw-p 00000000 00:00 0 
7efeb4cc5000-7efeb4cc6000 ---p 00000000 00:00 0 
7efeb4cc6000-7efeb4dc6000 rw-p 00000000 00:00 0 
7efeb4dc6000-7efeb4dc7000 ---p 00000000 00:00 0 
7efeb4dc7000-7efeb4ec7000 rw-p 00000000 00:00 0 
7efeb4ec7000-7efeb4ec8000 ---p 00000000 00:00 0 
7efeb4ec8000-7efeb4fc8000 rw-p 00000000 00:00 0 
7efeb4fc8000-7efeb4fc9000 ---p 00000000 00:00 0 
7efeb4fc9000-7efeb50de000 rw-p 00000000 00:00 0 
7efeb50de000-7efeb5212000 ---p 00000000 00:00 0 
7efeb5212000-7efeb5227000 rw-p 00000000 00:00 0 
7efeb5227000-7efeb535a000 ---p 00000000 00:00 0 
7efeb535a000-7efeb5365000 rw-p 00000000 00:00 0 
7efeb5365000-7efeb53ff000 ---p 00000000 00:00 0 
7efeb53ff000-7efeb5410000 rw-p 00000000 00:00 0 
7efeb5410000-7efeb57c0000 ---p 00000000 00:00 0 
7efeb57c0000-7efeb57c8000 r-xp 00000000 08:06 2885745                    /usr/lib/jvm/java-8-openjdk-amd64/jre/lib/amd64/libzip.so
7efeb57c8000-7efeb59c7000 ---p 00008000 08:06 2885745                    /usr/lib/jvm/java-8-openjdk-amd64/jre/lib/amd64/libzip.so
7efeb59c7000-7efeb59c8000 r--p 00007000 08:06 2885745                    /usr/lib/jvm/java-8-openjdk-amd64/jre/lib/amd64/libzip.so
7efeb59c8000-7efeb59c9000 rw-p 00008000 08:06 2885745                    /usr/lib/jvm/java-8-openjdk-amd64/jre/lib/amd64/libzip.so
7efeb59c9000-7efeb59d4000 r-xp 00000000 08:06 922261                     /lib/x86_64-linux-gnu/libnss_files-2.23.so
7efeb59d4000-7efeb5bd3000 ---p 0000b000 08:06 922261                     /lib/x86_64-linux-gnu/libnss_files-2.23.so
7efeb5bd3000-7efeb5bd4000 r--p 0000a000 08:06 922261                     /lib/x86_64-linux-gnu/libnss_files-2.23.so
7efeb5bd4000-7efeb5bd5000 rw-p 0000b000 08:06 922261                     /lib/x86_64-linux-gnu/libnss_files-2.23.so
7efeb5bd5000-7efeb5bdb000 rw-p 00000000 00:00 0 
7efeb5bdb000-7efeb5be6000 r-xp 00000000 08:06 922271                     /lib/x86_64-linux-gnu/libnss_nis-2.23.so
7efeb5be6000-7efeb5de5000 ---p 0000b000 08:06 922271                     /lib/x86_64-linux-gnu/libnss_nis-2.23.so
7efeb5de5000-7efeb5de6000 r--p 0000a000 08:06 922271                     /lib/x86_64-linux-gnu/libnss_nis-2.23.so
7efeb5de6000-7efeb5de7000 rw-p 0000b000 08:06 922271                     /lib/x86_64-linux-gnu/libnss_nis-2.23.so
7efeb5de7000-7efeb5dfd000 r-xp 00000000 08:06 922255                     /lib/x86_64-linux-gnu/libnsl-2.23.so
7efeb5dfd000-7efeb5ffc000 ---p 00016000 08:06 922255                     /lib/x86_64-linux-gnu/libnsl-2.23.so
7efeb5ffc000-7efeb5ffd000 r--p 00015000 08:06 922255                     /lib/x86_64-linux-gnu/libnsl-2.23.so
7efeb5ffd000-7efeb5ffe000 rw-p 00016000 08:06 922255                     /lib/x86_64-linux-gnu/libnsl-2.23.so
7efeb5ffe000-7efeb6000000 rw-p 00000000 00:00 0 
7efeb6000000-7efeb6008000 r-xp 00000000 08:06 922257                     /lib/x86_64-linux-gnu/libnss_compat-2.23.so
7efeb6008000-7efeb6207000 ---p 00008000 08:06 922257                     /lib/x86_64-linux-gnu/libnss_compat-2.23.so
7efeb6207000-7efeb6208000 r--p 00007000 08:06 922257                     /lib/x86_64-linux-gnu/libnss_compat-2.23.so
7efeb6208000-7efeb6209000 rw-p 00008000 08:06 922257                     /lib/x86_64-linux-gnu/libnss_compat-2.23.so
7efeb6209000-7efeb6236000 r-xp 00000000 08:06 2885726                    /usr/lib/jvm/java-8-openjdk-amd64/jre/lib/amd64/libjava.so
7efeb6236000-7efeb6435000 ---p 0002d000 08:06 2885726                    /usr/lib/jvm/java-8-openjdk-amd64/jre/lib/amd64/libjava.so
7efeb6435000-7efeb6436000 r--p 0002c000 08:06 2885726                    /usr/lib/jvm/java-8-openjdk-amd64/jre/lib/amd64/libjava.so
7efeb6436000-7efeb6438000 rw-p 0002d000 08:06 2885726                    /usr/lib/jvm/java-8-openjdk-amd64/jre/lib/amd64/libjava.so
7efeb6438000-7efeb6447000 r-xp 00000000 08:06 2885743                    /usr/lib/jvm/java-8-openjdk-amd64/jre/lib/amd64/libverify.so
7efeb6447000-7efeb6646000 ---p 0000f000 08:06 2885743                    /usr/lib/jvm/java-8-openjdk-amd64/jre/lib/amd64/libverify.so
7efeb6646000-7efeb6648000 r--p 0000e000 08:06 2885743                    /usr/lib/jvm/java-8-openjdk-amd64/jre/lib/amd64/libverify.so
7efeb6648000-7efeb6649000 rw-p 00010000 08:06 2885743                    /usr/lib/jvm/java-8-openjdk-amd64/jre/lib/amd64/libverify.so
7efeb6649000-7efeb6650000 r-xp 00000000 08:06 922316                     /lib/x86_64-linux-gnu/librt-2.23.so
7efeb6650000-7efeb684f000 ---p 00007000 08:06 922316                     /lib/x86_64-linux-gnu/librt-2.23.so
7efeb684f000-7efeb6850000 r--p 00006000 08:06 922316                     /lib/x86_64-linux-gnu/librt-2.23.so
7efeb6850000-7efeb6851000 rw-p 00007000 08:06 922316                     /lib/x86_64-linux-gnu/librt-2.23.so
7efeb6851000-7efeb6867000 r-xp 00000000 08:06 922200                     /lib/x86_64-linux-gnu/libgcc_s.so.1
7efeb6867000-7efeb6a66000 ---p 00016000 08:06 922200                     /lib/x86_64-linux-gnu/libgcc_s.so.1
7efeb6a66000-7efeb6a67000 rw-p 00015000 08:06 922200                     /lib/x86_64-linux-gnu/libgcc_s.so.1
7efeb6a67000-7efeb6b6f000 r-xp 00000000 08:06 922232                     /lib/x86_64-linux-gnu/libm-2.23.so
7efeb6b6f000-7efeb6d6e000 ---p 00108000 08:06 922232                     /lib/x86_64-linux-gnu/libm-2.23.so
7efeb6d6e000-7efeb6d6f000 r--p 00107000 08:06 922232                     /lib/x86_64-linux-gnu/libm-2.23.so
7efeb6d6f000-7efeb6d70000 rw-p 00108000 08:06 922232                     /lib/x86_64-linux-gnu/libm-2.23.so
7efeb6d70000-7efeb6ee2000 r-xp 00000000 08:06 2762445                    /usr/lib/x86_64-linux-gnu/libstdc++.so.6.0.21
7efeb6ee2000-7efeb70e2000 ---p 00172000 08:06 2762445                    /usr/lib/x86_64-linux-gnu/libstdc++.so.6.0.21
7efeb70e2000-7efeb70ec000 r--p 00172000 08:06 2762445                    /usr/lib/x86_64-linux-gnu/libstdc++.so.6.0.21
7efeb70ec000-7efeb70ee000 rw-p 0017c000 08:06 2762445                    /usr/lib/x86_64-linux-gnu/libstdc++.so.6.0.21
7efeb70ee000-7efeb70f2000 rw-p 00000000 00:00 0 
7efeb70f2000-7efeb7d44000 r-xp 00000000 08:06 2885737                    /usr/lib/jvm/java-8-openjdk-amd64/jre/lib/amd64/server/libjvm.so
7efeb7d44000-7efeb7f44000 ---p 00c52000 08:06 2885737                    /usr/lib/jvm/java-8-openjdk-amd64/jre/lib/amd64/server/libjvm.so
7efeb7f44000-7efeb7fd7000 r--p 00c52000 08:06 2885737                    /usr/lib/jvm/java-8-openjdk-amd64/jre/lib/amd64/server/libjvm.so
7efeb7fd7000-7efeb8000000 rw-p 00ce5000 08:06 2885737                    /usr/lib/jvm/java-8-openjdk-amd64/jre/lib/amd64/server/libjvm.so
7efeb8000000-7efeb8030000 rw-p 00000000 00:00 0 
7efeb8030000-7efeb8048000 r-xp 00000000 08:06 922308                     /lib/x86_64-linux-gnu/libpthread-2.23.so
7efeb8048000-7efeb8247000 ---p 00018000 08:06 922308                     /lib/x86_64-linux-gnu/libpthread-2.23.so
7efeb8247000-7efeb8248000 r--p 00017000 08:06 922308                     /lib/x86_64-linux-gnu/libpthread-2.23.so
7efeb8248000-7efeb8249000 rw-p 00018000 08:06 922308                     /lib/x86_64-linux-gnu/libpthread-2.23.so
7efeb8249000-7efeb824d000 rw-p 00000000 00:00 0 
7efeb824d000-7efeb8250000 r-xp 00000000 08:06 922186                     /lib/x86_64-linux-gnu/libdl-2.23.so
7efeb8250000-7efeb844f000 ---p 00003000 08:06 922186                     /lib/x86_64-linux-gnu/libdl-2.23.so
7efeb844f000-7efeb8450000 r--p 00002000 08:06 922186                     /lib/x86_64-linux-gnu/libdl-2.23.so
7efeb8450000-7efeb8451000 rw-p 00003000 08:06 922186                     /lib/x86_64-linux-gnu/libdl-2.23.so
7efeb8451000-7efeb846a000 r-xp 00000000 08:06 922353                     /lib/x86_64-linux-gnu/libz.so.1.2.8
7efeb846a000-7efeb8669000 ---p 00019000 08:06 922353                     /lib/x86_64-linux-gnu/libz.so.1.2.8
7efeb8669000-7efeb866a000 r--p 00018000 08:06 922353                     /lib/x86_64-linux-gnu/libz.so.1.2.8
7efeb866a000-7efeb866b000 rw-p 00019000 08:06 922353                     /lib/x86_64-linux-gnu/libz.so.1.2.8
7efeb866b000-7efeb882b000 r-xp 00000000 08:06 922162                     /lib/x86_64-linux-gnu/libc-2.23.so
7efeb882b000-7efeb8a2b000 ---p 001c0000 08:06 922162                     /lib/x86_64-linux-gnu/libc-2.23.so
7efeb8a2b000-7efeb8a2f000 r--p 001c0000 08:06 922162                     /lib/x86_64-linux-gnu/libc-2.23.so
7efeb8a2f000-7efeb8a31000 rw-p 001c4000 08:06 922162                     /lib/x86_64-linux-gnu/libc-2.23.so
7efeb8a31000-7efeb8a35000 rw-p 00000000 00:00 0 
7efeb8a35000-7efeb8a42000 r-xp 00000000 08:06 2885741                    /usr/lib/jvm/java-8-openjdk-amd64/jre/lib/amd64/jli/libjli.so
7efeb8a42000-7efeb8c42000 ---p 0000d000 08:06 2885741                    /usr/lib/jvm/java-8-openjdk-amd64/jre/lib/amd64/jli/libjli.so
7efeb8c42000-7efeb8c43000 r--p 0000d000 08:06 2885741                    /usr/lib/jvm/java-8-openjdk-amd64/jre/lib/amd64/jli/libjli.so
7efeb8c43000-7efeb8c44000 rw-p 0000e000 08:06 2885741                    /usr/lib/jvm/java-8-openjdk-amd64/jre/lib/amd64/jli/libjli.so
7efeb8c44000-7efeb8c6a000 r-xp 00000000 08:06 922134                     /lib/x86_64-linux-gnu/ld-2.23.so
7efeb8c6a000-7efeb8c70000 r--s 0003a000 08:06 2885702                    /usr/lib/jvm/java-8-openjdk-amd64/jre/lib/ext/sunjce_provider.jar
7efeb8c70000-7efeb8c8b000 r--s 001d6000 08:06 2885701                    /usr/lib/jvm/java-8-openjdk-amd64/jre/lib/ext/nashorn.jar
7efeb8c8b000-7efeb8d48000 rw-p 00000000 00:00 0 
7efeb8d48000-7efeb8d4b000 ---p 00000000 00:00 0 
7efeb8d4b000-7efeb8e4e000 rw-p 00000000 00:00 0 
7efeb8e4e000-7efeb8e4f000 r--s 00010000 08:06 2885700                    /usr/lib/jvm/java-8-openjdk-amd64/jre/lib/ext/zipfs.jar
7efeb8e4f000-7efeb8e53000 r--s 00037000 08:06 2885705                    /usr/lib/jvm/java-8-openjdk-amd64/jre/lib/ext/sunpkcs11.jar
7efeb8e53000-7efeb8e5d000 r--s 00116000 08:06 2885704                    /usr/lib/jvm/java-8-openjdk-amd64/jre/lib/ext/localedata.jar
7efeb8e5d000-7efeb8e65000 rw-s 00000000 08:06 1835293                    /tmp/hsperfdata_urgimchak/3156
7efeb8e65000-7efeb8e66000 rw-p 00000000 00:00 0 
7efeb8e66000-7efeb8e67000 r--p 00000000 00:00 0 
7efeb8e67000-7efeb8e69000 rw-p 00000000 00:00 0 
7efeb8e69000-7efeb8e6a000 r--p 00025000 08:06 922134                     /lib/x86_64-linux-gnu/ld-2.23.so
7efeb8e6a000-7efeb8e6b000 rw-p 00026000 08:06 922134                     /lib/x86_64-linux-gnu/ld-2.23.so
7efeb8e6b000-7efeb8e6c000 rw-p 00000000 00:00 0 
7ffc87b44000-7ffc87b66000 rw-p 00000000 00:00 0                          [stack]
7ffc87b8a000-7ffc87b8c000 r--p 00000000 00:00 0                          [vvar]
7ffc87b8c000-7ffc87b8e000 r-xp 00000000 00:00 0                          [vdso]
ffffffffff600000-ffffffffff601000 r-xp 00000000 00:00 0                  [vsyscall]

VM Arguments:
java_command: h2-1.3.176.jar
java_class_path (initial): h2-1.3.176.jar
Launcher Type: SUN_STANDARD

Environment Variables:
PATH=/home/urgimchak/.sdkman/candidates/springboot/current/bin:/home/urgimchak/.sdkman/candidates/gradle/current/bin:/home/urgimchak/bin:/home/urgimchak/.local/bin:/usr/local/sbin:/usr/local/bin:/usr/sbin:/usr/bin:/sbin:/bin:/usr/games:/usr/local/games:/snap/bin
SHELL=/bin/bash
DISPLAY=:0

Signal Handlers:
SIGSEGV: [libjvm.so+0xa69040], sa_mask[0]=11111111011111111101111111111110, sa_flags=SA_RESTART|SA_SIGINFO
SIGBUS: [libjvm.so+0xa69040], sa_mask[0]=11111111011111111101111111111110, sa_flags=SA_RESTART|SA_SIGINFO
SIGFPE: [libjvm.so+0x8b2170], sa_mask[0]=11111111011111111101111111111110, sa_flags=SA_RESTART|SA_SIGINFO
SIGPIPE: SIG_IGN, sa_mask[0]=00000000000010000000000000000000, sa_flags=SA_RESTART
SIGXFSZ: [libjvm.so+0x8b2170], sa_mask[0]=11111111011111111101111111111110, sa_flags=SA_RESTART|SA_SIGINFO
SIGILL: [libjvm.so+0x8b2170], sa_mask[0]=11111111011111111101111111111110, sa_flags=SA_RESTART|SA_SIGINFO
SIGUSR1: SIG_DFL, sa_mask[0]=00000000000000000000000000000000, sa_flags=none
SIGUSR2: [libjvm.so+0x8b2020], sa_mask[0]=00000000000000000000000000000000, sa_flags=SA_RESTART|SA_SIGINFO
SIGHUP: [libjvm.so+0x8b24f0], sa_mask[0]=11111111011111111101111111111110, sa_flags=SA_RESTART|SA_SIGINFO
SIGINT: [libjvm.so+0x8b24f0], sa_mask[0]=11111111011111111101111111111110, sa_flags=SA_RESTART|SA_SIGINFO
SIGTERM: [libjvm.so+0x8b24f0], sa_mask[0]=11111111011111111101111111111110, sa_flags=SA_RESTART|SA_SIGINFO
SIGQUIT: [libjvm.so+0x8b24f0], sa_mask[0]=11111111011111111101111111111110, sa_flags=SA_RESTART|SA_SIGINFO


---------------  S Y S T E M  ---------------

OS:DISTRIB_ID=Ubuntu
DISTRIB_RELEASE=16.04
DISTRIB_CODENAME=xenial
DISTRIB_DESCRIPTION="Ubuntu 16.04.3 LTS"

uname:Linux 4.10.0-28-generic #32~16.04.2-Ubuntu SMP Thu Jul 20 10:19:48 UTC 2017 x86_64
libc:glibc 2.23 NPTL 2.23 
rlimit: STACK 8192k, CORE 0k, NPROC 15583, NOFILE 1048576, AS infinity
load average:16,54 4,65 2,29

/proc/meminfo:
MemTotal:        4034028 kB
MemFree:         3436648 kB
MemAvailable:    3663420 kB
Buffers:           18628 kB
Cached:           393196 kB
SwapCached:         4436 kB
Active:           316944 kB
Inactive:         166308 kB
Active(anon):      67752 kB
Inactive(anon):     6816 kB
Active(file):     249192 kB
Inactive(file):   159492 kB
Unevictable:          32 kB
Mlocked:              32 kB
SwapTotal:       1998844 kB
SwapFree:        1962216 kB
Dirty:               264 kB
Writeback:           248 kB
AnonPages:         70180 kB
Mapped:            21796 kB
Shmem:              2944 kB
Slab:              71200 kB
SReclaimable:      42408 kB
SUnreclaim:        28792 kB
KernelStack:        2624 kB
PageTables:         2324 kB
NFS_Unstable:          0 kB
Bounce:                0 kB
WritebackTmp:          0 kB
CommitLimit:     4015856 kB
Committed_AS:     433308 kB
VmallocTotal:   34359738367 kB
VmallocUsed:           0 kB
VmallocChunk:          0 kB
HardwareCorrupted:     0 kB
AnonHugePages:     94208 kB
ShmemHugePages:        0 kB
ShmemPmdMapped:        0 kB
CmaTotal:              0 kB
CmaFree:               0 kB
HugePages_Total:       0
HugePages_Free:        0
HugePages_Rsvd:        0
HugePages_Surp:        0
Hugepagesize:       2048 kB
DirectMap4k:      159168 kB
DirectMap2M:     4026368 kB


CPU:total 4 (initial active 4) (2 cores per cpu, 2 threads per core) family 6 model 37 stepping 5, cmov, cx8, fxsr, mmx, sse, sse2, sse3, ssse3, sse4.1, sse4.2, popcnt, ht, tsc, tscinvbit

/proc/cpuinfo:
processor	: 0
vendor_id	: GenuineIntel
cpu family	: 6
model		: 37
model name	: Intel(R) Core(TM) i3 CPU         540  @ 3.07GHz
stepping	: 5
microcode	: 0x2
cpu MHz		: 3560.292
cache size	: 4096 KB
physical id	: 0
siblings	: 4
core id		: 0
cpu cores	: 2
apicid		: 0
initial apicid	: 0
fpu		: yes
fpu_exception	: yes
cpuid level	: 11
wp		: yes
flags		: fpu vme de pse tsc msr pae mce cx8 apic sep mtrr pge mca cmov pat pse36 clflush dts acpi mmx fxsr sse sse2 ss ht tm pbe syscall nx rdtscp lm constant_tsc arch_perfmon pebs bts rep_good nopl xtopology nonstop_tsc aperfmperf pni dtes64 monitor ds_cpl vmx est tm2 ssse3 cx16 xtpr pdcm pcid sse4_1 sse4_2 popcnt lahf_lm tpr_shadow vnmi flexpriority ept vpid dtherm arat
bugs		:
bogomips	: 7120.58
clflush size	: 64
cache_alignment	: 64
address sizes	: 36 bits physical, 48 bits virtual
power management:

processor	: 1
vendor_id	: GenuineIntel
cpu family	: 6
model		: 37
model name	: Intel(R) Core(TM) i3 CPU         540  @ 3.07GHz
stepping	: 5
microcode	: 0x2
cpu MHz		: 3560.292
cache size	: 4096 KB
physical id	: 0
siblings	: 4
core id		: 2
cpu cores	: 2
apicid		: 4
initial apicid	: 4
fpu		: yes
fpu_exception	: yes
cpuid level	: 11
wp		: yes
flags		: fpu vme de pse tsc msr pae mce cx8 apic sep mtrr pge mca cmov pat pse36 clflush dts acpi mmx fxsr sse sse2 ss ht tm pbe syscall nx rdtscp lm constant_tsc arch_perfmon pebs bts rep_good nopl xtopology nonstop_tsc aperfmperf pni dtes64 monitor ds_cpl vmx est tm2 ssse3 cx16 xtpr pdcm pcid sse4_1 sse4_2 popcnt lahf_lm tpr_shadow vnmi flexpriority ept vpid dtherm arat
bugs		:
bogomips	: 7120.58
clflush size	: 64
cache_alignment	: 64
address sizes	: 36 bits physical, 48 bits virtual
power management:

processor	: 2
vendor_id	: GenuineIntel
cpu family	: 6
model		: 37
model name	: Intel(R) Core(TM) i3 CPU         540  @ 3.07GHz
stepping	: 5
microcode	: 0x2
cpu MHz		: 3560.292
cache size	: 4096 KB
physical id	: 0
siblings	: 4
core id		: 0
cpu cores	: 2
apicid		: 1
initial apicid	: 1
fpu		: yes
fpu_exception	: yes
cpuid level	: 11
wp		: yes
flags		: fpu vme de pse tsc msr pae mce cx8 apic sep mtrr pge mca cmov pat pse36 clflush dts acpi mmx fxsr sse sse2 ss ht tm pbe syscall nx rdtscp lm constant_tsc arch_perfmon pebs bts rep_good nopl xtopology nonstop_tsc aperfmperf pni dtes64 monitor ds_cpl vmx est tm2 ssse3 cx16 xtpr pdcm pcid sse4_1 sse4_2 popcnt lahf_lm tpr_shadow vnmi flexpriority ept vpid dtherm arat
bugs		:
bogomips	: 7120.58
clflush size	: 64
cache_alignment	: 64
address sizes	: 36 bits physical, 48 bits virtual
power management:

processor	: 3
vendor_id	: GenuineIntel
cpu family	: 6
model		: 37
model name	: Intel(R) Core(TM) i3 CPU         540  @ 3.07GHz
stepping	: 5
microcode	: 0x2
cpu MHz		: 3560.292
cache size	: 4096 KB
physical id	: 0
siblings	: 4
core id		: 2
cpu cores	: 2
apicid		: 5
initial apicid	: 5
fpu		: yes
fpu_exception	: yes
cpuid level	: 11
wp		: yes
flags		: fpu vme de pse tsc msr pae mce cx8 apic sep mtrr pge mca cmov pat pse36 clflush dts acpi mmx fxsr sse sse2 ss ht tm pbe syscall nx rdtscp lm constant_tsc arch_perfmon pebs bts rep_good nopl xtopology nonstop_tsc aperfmperf pni dtes64 monitor ds_cpl vmx est tm2 ssse3 cx16 xtpr pdcm pcid sse4_1 sse4_2 popcnt lahf_lm tpr_shadow vnmi flexpriority ept vpid dtherm arat
bugs		:
bogomips	: 7120.58
clflush size	: 64
cache_alignment	: 64
address sizes	: 36 bits physical, 48 bits virtual
power management:



Memory: 4k page, physical 4034028k(3436648k free), swap 1998844k(1962216k free)

vm_info: OpenJDK 64-Bit Server VM (25.151-b12) for linux-amd64 JRE (1.8.0_151-8u151-b12-0ubuntu0.16.04.2-b12), built on Oct 27 2017 21:59:02 by "buildd" with gcc 5.4.0 20160609

time: Wed Dec  6 16:57:16 2017
elapsed time: 25732 seconds (0d 7h 8m 52s)

